This is pdfTeX, Version 3.14159265-2.6-1.40.19 (TeX Live 2019/dev/Debian) (preloaded format=pdflatex 2019.1.13)  5 FEB 2020 13:25
entering extended mode
 restricted \write18 enabled.
 %&-line parsing enabled.
**slides.tex
(./slides.tex
LaTeX2e <2018-04-01> patch level 5
(/usr/share/texlive/texmf-dist/tex/latex/beamer/beamer.cls
Document Class: beamer 2018/08/22 v3.51 A class for typesetting presentations
(/usr/share/texlive/texmf-dist/tex/latex/beamer/beamerbasemodes.sty (/usr/share
/texlive/texmf-dist/tex/latex/etoolbox/etoolbox.sty
Package: etoolbox 2018/08/19 v2.5f e-TeX tools for LaTeX (JAW)
\etb@tempcnta=\count80
)
\beamer@tempbox=\box26
\beamer@tempcount=\count81
\c@beamerpauses=\count82
(/usr/share/texlive/texmf-dist/tex/latex/beamer/beamerbasedecode.sty
\beamer@slideinframe=\count83
\beamer@minimum=\count84
)
\beamer@commentbox=\box27
\beamer@modecount=\count85
) (/usr/share/texlive/texmf-dist/tex/generic/oberdiek/ifpdf.sty
Package: ifpdf 2017/03/15 v3.2 Provides the ifpdf switch
)
\headdp=\dimen102
\footheight=\dimen103
\sidebarheight=\dimen104
\beamer@tempdim=\dimen105
\beamer@finalheight=\dimen106
\beamer@animht=\dimen107
\beamer@animdp=\dimen108
\beamer@animwd=\dimen109
\beamer@leftmargin=\dimen110
\beamer@rightmargin=\dimen111
\beamer@leftsidebar=\dimen112
\beamer@rightsidebar=\dimen113
\beamer@boxsize=\dimen114
\beamer@vboxoffset=\dimen115
\beamer@descdefault=\dimen116
\beamer@descriptionwidth=\dimen117
\beamer@lastskip=\skip41
\beamer@areabox=\box28
\beamer@animcurrent=\box29
\beamer@animshowbox=\box30
\beamer@sectionbox=\box31
\beamer@logobox=\box32
\beamer@linebox=\box33
\beamer@sectioncount=\count86
\beamer@subsubsectionmax=\count87
\beamer@subsectionmax=\count88
\beamer@sectionmax=\count89
\beamer@totalheads=\count90
\beamer@headcounter=\count91
\beamer@partstartpage=\count92
\beamer@sectionstartpage=\count93
\beamer@subsectionstartpage=\count94
\beamer@animationtempa=\count95
\beamer@animationtempb=\count96
\beamer@xpos=\count97
\beamer@ypos=\count98
\beamer@ypos@offset=\count99
\beamer@showpartnumber=\count100
\beamer@currentsubsection=\count101
\beamer@coveringdepth=\count102
\beamer@sectionadjust=\count103
\beamer@tocsectionnumber=\count104
(/usr/share/texlive/texmf-dist/tex/latex/beamer/beamerbaseoptions.sty (/usr/sha
re/texlive/texmf-dist/tex/latex/graphics/keyval.sty
Package: keyval 2014/10/28 v1.15 key=value parser (DPC)
\KV@toks@=\toks14
))
\beamer@paperwidth=\skip42
\beamer@paperheight=\skip43
(/usr/share/texlive/texmf-dist/tex/latex/geometry/geometry.sty
Package: geometry 2018/04/16 v5.8 Page Geometry
(/usr/share/texlive/texmf-dist/tex/generic/oberdiek/ifvtex.sty
Package: ifvtex 2016/05/16 v1.6 Detect VTeX and its facilities (HO)
Package ifvtex Info: VTeX not detected.
) (/usr/share/texlive/texmf-dist/tex/generic/ifxetex/ifxetex.sty
Package: ifxetex 2010/09/12 v0.6 Provides ifxetex conditional
)
\Gm@cnth=\count105
\Gm@cntv=\count106
\c@Gm@tempcnt=\count107
\Gm@bindingoffset=\dimen118
\Gm@wd@mp=\dimen119
\Gm@odd@mp=\dimen120
\Gm@even@mp=\dimen121
\Gm@layoutwidth=\dimen122
\Gm@layoutheight=\dimen123
\Gm@layouthoffset=\dimen124
\Gm@layoutvoffset=\dimen125
\Gm@dimlist=\toks15
) (/usr/share/texlive/texmf-dist/tex/latex/base/size11.clo
File: size11.clo 2014/09/29 v1.4h Standard LaTeX file (size option)
) (/usr/share/texlive/texmf-dist/tex/latex/pgf/basiclayer/pgfcore.sty (/usr/sha
re/texlive/texmf-dist/tex/latex/graphics/graphicx.sty
Package: graphicx 2017/06/01 v1.1a Enhanced LaTeX Graphics (DPC,SPQR)
(/usr/share/texlive/texmf-dist/tex/latex/graphics/graphics.sty
Package: graphics 2017/06/25 v1.2c Standard LaTeX Graphics (DPC,SPQR)
(/usr/share/texlive/texmf-dist/tex/latex/graphics/trig.sty
Package: trig 2016/01/03 v1.10 sin cos tan (DPC)
) (/usr/share/texlive/texmf-dist/tex/latex/graphics-cfg/graphics.cfg
File: graphics.cfg 2016/06/04 v1.11 sample graphics configuration
)
Package graphics Info: Driver file: pdftex.def on input line 99.
(/usr/share/texlive/texmf-dist/tex/latex/graphics-def/pdftex.def
File: pdftex.def 2018/01/08 v1.0l Graphics/color driver for pdftex
))
\Gin@req@height=\dimen126
\Gin@req@width=\dimen127
) (/usr/share/texlive/texmf-dist/tex/latex/pgf/systemlayer/pgfsys.sty (/usr/sha
re/texlive/texmf-dist/tex/latex/pgf/utilities/pgfrcs.sty (/usr/share/texlive/te
xmf-dist/tex/generic/pgf/utilities/pgfutil-common.tex
\pgfutil@everybye=\toks16
\pgfutil@tempdima=\dimen128
\pgfutil@tempdimb=\dimen129

(/usr/share/texlive/texmf-dist/tex/generic/pgf/utilities/pgfutil-common-lists.t
ex)) (/usr/share/texlive/texmf-dist/tex/generic/pgf/utilities/pgfutil-latex.def
\pgfutil@abb=\box34
(/usr/share/texlive/texmf-dist/tex/latex/ms/everyshi.sty
Package: everyshi 2001/05/15 v3.00 EveryShipout Package (MS)
)) (/usr/share/texlive/texmf-dist/tex/generic/pgf/utilities/pgfrcs.code.tex
Package: pgfrcs 2015/08/07 v3.0.1a (rcs-revision 1.31)
)) (/usr/share/texlive/texmf-dist/tex/generic/pgf/systemlayer/pgfsys.code.tex
Package: pgfsys 2014/07/09 v3.0.1a (rcs-revision 1.48)
(/usr/share/texlive/texmf-dist/tex/generic/pgf/utilities/pgfkeys.code.tex
\pgfkeys@pathtoks=\toks17
\pgfkeys@temptoks=\toks18

(/usr/share/texlive/texmf-dist/tex/generic/pgf/utilities/pgfkeysfiltered.code.t
ex
\pgfkeys@tmptoks=\toks19
))
\pgf@x=\dimen130
\pgf@y=\dimen131
\pgf@xa=\dimen132
\pgf@ya=\dimen133
\pgf@xb=\dimen134
\pgf@yb=\dimen135
\pgf@xc=\dimen136
\pgf@yc=\dimen137
\w@pgf@writea=\write3
\r@pgf@reada=\read1
\c@pgf@counta=\count108
\c@pgf@countb=\count109
\c@pgf@countc=\count110
\c@pgf@countd=\count111
\t@pgf@toka=\toks20
\t@pgf@tokb=\toks21
\t@pgf@tokc=\toks22
(/usr/share/texlive/texmf-dist/tex/generic/pgf/systemlayer/pgf.cfg
File: pgf.cfg 2008/05/14  (rcs-revision 1.7)
)
Driver file for pgf: pgfsys-pdftex.def
(/usr/share/texlive/texmf-dist/tex/generic/pgf/systemlayer/pgfsys-pdftex.def
File: pgfsys-pdftex.def 2014/10/11  (rcs-revision 1.35)

(/usr/share/texlive/texmf-dist/tex/generic/pgf/systemlayer/pgfsys-common-pdf.de
f
File: pgfsys-common-pdf.def 2013/10/10  (rcs-revision 1.13)
)))
(/usr/share/texlive/texmf-dist/tex/generic/pgf/systemlayer/pgfsyssoftpath.code.
tex
File: pgfsyssoftpath.code.tex 2013/09/09  (rcs-revision 1.9)
\pgfsyssoftpath@smallbuffer@items=\count112
\pgfsyssoftpath@bigbuffer@items=\count113
)
(/usr/share/texlive/texmf-dist/tex/generic/pgf/systemlayer/pgfsysprotocol.code.
tex
File: pgfsysprotocol.code.tex 2006/10/16  (rcs-revision 1.4)
)) (/usr/share/texlive/texmf-dist/tex/latex/xcolor/xcolor.sty
Package: xcolor 2016/05/11 v2.12 LaTeX color extensions (UK)
(/usr/share/texlive/texmf-dist/tex/latex/graphics-cfg/color.cfg
File: color.cfg 2016/01/02 v1.6 sample color configuration
)
Package xcolor Info: Driver file: pdftex.def on input line 225.
Package xcolor Info: Model `cmy' substituted by `cmy0' on input line 1348.
Package xcolor Info: Model `hsb' substituted by `rgb' on input line 1352.
Package xcolor Info: Model `RGB' extended on input line 1364.
Package xcolor Info: Model `HTML' substituted by `rgb' on input line 1366.
Package xcolor Info: Model `Hsb' substituted by `hsb' on input line 1367.
Package xcolor Info: Model `tHsb' substituted by `hsb' on input line 1368.
Package xcolor Info: Model `HSB' substituted by `hsb' on input line 1369.
Package xcolor Info: Model `Gray' substituted by `gray' on input line 1370.
Package xcolor Info: Model `wave' substituted by `hsb' on input line 1371.
) (/usr/share/texlive/texmf-dist/tex/generic/pgf/basiclayer/pgfcore.code.tex
Package: pgfcore 2010/04/11 v3.0.1a (rcs-revision 1.7)
(/usr/share/texlive/texmf-dist/tex/generic/pgf/math/pgfmath.code.tex (/usr/shar
e/texlive/texmf-dist/tex/generic/pgf/math/pgfmathcalc.code.tex (/usr/share/texl
ive/texmf-dist/tex/generic/pgf/math/pgfmathutil.code.tex) (/usr/share/texlive/t
exmf-dist/tex/generic/pgf/math/pgfmathparser.code.tex
\pgfmath@dimen=\dimen138
\pgfmath@count=\count114
\pgfmath@box=\box35
\pgfmath@toks=\toks23
\pgfmath@stack@operand=\toks24
\pgfmath@stack@operation=\toks25
) (/usr/share/texlive/texmf-dist/tex/generic/pgf/math/pgfmathfunctions.code.tex

(/usr/share/texlive/texmf-dist/tex/generic/pgf/math/pgfmathfunctions.basic.code
.tex)
(/usr/share/texlive/texmf-dist/tex/generic/pgf/math/pgfmathfunctions.trigonomet
ric.code.tex)
(/usr/share/texlive/texmf-dist/tex/generic/pgf/math/pgfmathfunctions.random.cod
e.tex)
(/usr/share/texlive/texmf-dist/tex/generic/pgf/math/pgfmathfunctions.comparison
.code.tex)
(/usr/share/texlive/texmf-dist/tex/generic/pgf/math/pgfmathfunctions.base.code.
tex)
(/usr/share/texlive/texmf-dist/tex/generic/pgf/math/pgfmathfunctions.round.code
.tex)
(/usr/share/texlive/texmf-dist/tex/generic/pgf/math/pgfmathfunctions.misc.code.
tex)
(/usr/share/texlive/texmf-dist/tex/generic/pgf/math/pgfmathfunctions.integerari
thmetics.code.tex))) (/usr/share/texlive/texmf-dist/tex/generic/pgf/math/pgfmat
hfloat.code.tex
\c@pgfmathroundto@lastzeros=\count115
))
(/usr/share/texlive/texmf-dist/tex/generic/pgf/basiclayer/pgfcorepoints.code.te
x
File: pgfcorepoints.code.tex 2013/10/07  (rcs-revision 1.27)
\pgf@picminx=\dimen139
\pgf@picmaxx=\dimen140
\pgf@picminy=\dimen141
\pgf@picmaxy=\dimen142
\pgf@pathminx=\dimen143
\pgf@pathmaxx=\dimen144
\pgf@pathminy=\dimen145
\pgf@pathmaxy=\dimen146
\pgf@xx=\dimen147
\pgf@xy=\dimen148
\pgf@yx=\dimen149
\pgf@yy=\dimen150
\pgf@zx=\dimen151
\pgf@zy=\dimen152
)
(/usr/share/texlive/texmf-dist/tex/generic/pgf/basiclayer/pgfcorepathconstruct.
code.tex
File: pgfcorepathconstruct.code.tex 2013/10/07  (rcs-revision 1.29)
\pgf@path@lastx=\dimen153
\pgf@path@lasty=\dimen154
)
(/usr/share/texlive/texmf-dist/tex/generic/pgf/basiclayer/pgfcorepathusage.code
.tex
File: pgfcorepathusage.code.tex 2014/11/02  (rcs-revision 1.24)
\pgf@shorten@end@additional=\dimen155
\pgf@shorten@start@additional=\dimen156
)
(/usr/share/texlive/texmf-dist/tex/generic/pgf/basiclayer/pgfcorescopes.code.te
x
File: pgfcorescopes.code.tex 2015/05/08  (rcs-revision 1.46)
\pgfpic=\box36
\pgf@hbox=\box37
\pgf@layerbox@main=\box38
\pgf@picture@serial@count=\count116
)
(/usr/share/texlive/texmf-dist/tex/generic/pgf/basiclayer/pgfcoregraphicstate.c
ode.tex
File: pgfcoregraphicstate.code.tex 2014/11/02  (rcs-revision 1.12)
\pgflinewidth=\dimen157
)
(/usr/share/texlive/texmf-dist/tex/generic/pgf/basiclayer/pgfcoretransformation
s.code.tex
File: pgfcoretransformations.code.tex 2015/08/07  (rcs-revision 1.20)
\pgf@pt@x=\dimen158
\pgf@pt@y=\dimen159
\pgf@pt@temp=\dimen160
)
(/usr/share/texlive/texmf-dist/tex/generic/pgf/basiclayer/pgfcorequick.code.tex
File: pgfcorequick.code.tex 2008/10/09  (rcs-revision 1.3)
)
(/usr/share/texlive/texmf-dist/tex/generic/pgf/basiclayer/pgfcoreobjects.code.t
ex
File: pgfcoreobjects.code.tex 2006/10/11  (rcs-revision 1.2)
)
(/usr/share/texlive/texmf-dist/tex/generic/pgf/basiclayer/pgfcorepathprocessing
.code.tex
File: pgfcorepathprocessing.code.tex 2013/09/09  (rcs-revision 1.9)
)
(/usr/share/texlive/texmf-dist/tex/generic/pgf/basiclayer/pgfcorearrows.code.te
x
File: pgfcorearrows.code.tex 2015/05/14  (rcs-revision 1.43)
\pgfarrowsep=\dimen161
)
(/usr/share/texlive/texmf-dist/tex/generic/pgf/basiclayer/pgfcoreshade.code.tex
File: pgfcoreshade.code.tex 2013/07/15  (rcs-revision 1.15)
\pgf@max=\dimen162
\pgf@sys@shading@range@num=\count117
)
(/usr/share/texlive/texmf-dist/tex/generic/pgf/basiclayer/pgfcoreimage.code.tex
File: pgfcoreimage.code.tex 2013/07/15  (rcs-revision 1.18)

(/usr/share/texlive/texmf-dist/tex/generic/pgf/basiclayer/pgfcoreexternal.code.
tex
File: pgfcoreexternal.code.tex 2014/07/09  (rcs-revision 1.21)
\pgfexternal@startupbox=\box39
))
(/usr/share/texlive/texmf-dist/tex/generic/pgf/basiclayer/pgfcorelayers.code.te
x
File: pgfcorelayers.code.tex 2013/07/18  (rcs-revision 1.7)
)
(/usr/share/texlive/texmf-dist/tex/generic/pgf/basiclayer/pgfcoretransparency.c
ode.tex
File: pgfcoretransparency.code.tex 2013/09/30  (rcs-revision 1.5)
)
(/usr/share/texlive/texmf-dist/tex/generic/pgf/basiclayer/pgfcorepatterns.code.
tex
File: pgfcorepatterns.code.tex 2013/11/07  (rcs-revision 1.5)
))) (/usr/share/texlive/texmf-dist/tex/latex/pgf/utilities/xxcolor.sty
Package: xxcolor 2003/10/24 ver 0.1
\XC@nummixins=\count118
\XC@countmixins=\count119
) (/usr/share/texlive/texmf-dist/tex/generic/oberdiek/atbegshi.sty
Package: atbegshi 2016/06/09 v1.18 At begin shipout hook (HO)
(/usr/share/texlive/texmf-dist/tex/generic/oberdiek/infwarerr.sty
Package: infwarerr 2016/05/16 v1.4 Providing info/warning/error messages (HO)
) (/usr/share/texlive/texmf-dist/tex/generic/oberdiek/ltxcmds.sty
Package: ltxcmds 2016/05/16 v1.23 LaTeX kernel commands for general use (HO)
)) (/usr/share/texlive/texmf-dist/tex/latex/hyperref/hyperref.sty
Package: hyperref 2018/02/06 v6.86b Hypertext links for LaTeX
(/usr/share/texlive/texmf-dist/tex/generic/oberdiek/hobsub-hyperref.sty
Package: hobsub-hyperref 2016/05/16 v1.14 Bundle oberdiek, subset hyperref (HO)

(/usr/share/texlive/texmf-dist/tex/generic/oberdiek/hobsub-generic.sty
Package: hobsub-generic 2016/05/16 v1.14 Bundle oberdiek, subset generic (HO)
Package: hobsub 2016/05/16 v1.14 Construct package bundles (HO)
Package hobsub Info: Skipping package `infwarerr' (already loaded).
Package hobsub Info: Skipping package `ltxcmds' (already loaded).
Package: ifluatex 2016/05/16 v1.4 Provides the ifluatex switch (HO)
Package ifluatex Info: LuaTeX not detected.
Package hobsub Info: Skipping package `ifvtex' (already loaded).
Package: intcalc 2016/05/16 v1.2 Expandable calculations with integers (HO)
Package hobsub Info: Skipping package `ifpdf' (already loaded).
Package: etexcmds 2016/05/16 v1.6 Avoid name clashes with e-TeX commands (HO)
Package: kvsetkeys 2016/05/16 v1.17 Key value parser (HO)
Package: kvdefinekeys 2016/05/16 v1.4 Define keys (HO)
Package: pdftexcmds 2018/01/30 v0.27 Utility functions of pdfTeX for LuaTeX (HO
)
Package pdftexcmds Info: LuaTeX not detected.
Package pdftexcmds Info: \pdf@primitive is available.
Package pdftexcmds Info: \pdf@ifprimitive is available.
Package pdftexcmds Info: \pdfdraftmode found.
Package: pdfescape 2016/05/16 v1.14 Implements pdfTeX's escape features (HO)
Package: bigintcalc 2016/05/16 v1.4 Expandable calculations on big integers (HO
)
Package: bitset 2016/05/16 v1.2 Handle bit-vector datatype (HO)
Package: uniquecounter 2016/05/16 v1.3 Provide unlimited unique counter (HO)
)
Package hobsub Info: Skipping package `hobsub' (already loaded).
Package: letltxmacro 2016/05/16 v1.5 Let assignment for LaTeX macros (HO)
Package: hopatch 2016/05/16 v1.3 Wrapper for package hooks (HO)
Package: xcolor-patch 2016/05/16 xcolor patch
Package: atveryend 2016/05/16 v1.9 Hooks at the very end of document (HO)
Package hobsub Info: Skipping package `atbegshi' (already loaded).
Package: refcount 2016/05/16 v3.5 Data extraction from label references (HO)
Package: hycolor 2016/05/16 v1.8 Color options for hyperref/bookmark (HO)
) (/usr/share/texlive/texmf-dist/tex/latex/oberdiek/auxhook.sty
Package: auxhook 2016/05/16 v1.4 Hooks for auxiliary files (HO)
) (/usr/share/texlive/texmf-dist/tex/latex/oberdiek/kvoptions.sty
Package: kvoptions 2016/05/16 v3.12 Key value format for package options (HO)
)
\@linkdim=\dimen163
\Hy@linkcounter=\count120
\Hy@pagecounter=\count121
(/usr/share/texlive/texmf-dist/tex/latex/hyperref/pd1enc.def
File: pd1enc.def 2018/02/06 v6.86b Hyperref: PDFDocEncoding definition (HO)
Now handling font encoding PD1 ...
... no UTF-8 mapping file for font encoding PD1
)
\Hy@SavedSpaceFactor=\count122
(/usr/share/texlive/texmf-dist/tex/latex/latexconfig/hyperref.cfg
File: hyperref.cfg 2002/06/06 v1.2 hyperref configuration of TeXLive
)
Package hyperref Info: Option `bookmarks' set `true' on input line 4383.
Package hyperref Info: Option `bookmarksopen' set `true' on input line 4383.
Package hyperref Info: Option `implicit' set `false' on input line 4383.
Package hyperref Info: Hyper figures OFF on input line 4509.
Package hyperref Info: Link nesting OFF on input line 4514.
Package hyperref Info: Hyper index ON on input line 4517.
Package hyperref Info: Plain pages OFF on input line 4524.
Package hyperref Info: Backreferencing OFF on input line 4529.
Package hyperref Info: Implicit mode OFF; no redefinition of LaTeX internals.
Package hyperref Info: Bookmarks ON on input line 4762.
\c@Hy@tempcnt=\count123
(/usr/share/texlive/texmf-dist/tex/latex/url/url.sty
\Urlmuskip=\muskip10
Package: url 2013/09/16  ver 3.4  Verb mode for urls, etc.
)
LaTeX Info: Redefining \url on input line 5115.
\XeTeXLinkMargin=\dimen164
\Fld@menulength=\count124
\Field@Width=\dimen165
\Fld@charsize=\dimen166
Package hyperref Info: Hyper figures OFF on input line 6369.
Package hyperref Info: Link nesting OFF on input line 6374.
Package hyperref Info: Hyper index ON on input line 6377.
Package hyperref Info: backreferencing OFF on input line 6384.
Package hyperref Info: Link coloring OFF on input line 6389.
Package hyperref Info: Link coloring with OCG OFF on input line 6394.
Package hyperref Info: PDF/A mode OFF on input line 6399.
LaTeX Info: Redefining \ref on input line 6439.
LaTeX Info: Redefining \pageref on input line 6443.
\Hy@abspage=\count125

Package hyperref Message: Stopped early.

)
Package hyperref Info: Driver (autodetected): hpdftex.
(/usr/share/texlive/texmf-dist/tex/latex/hyperref/hpdftex.def
File: hpdftex.def 2018/02/06 v6.86b Hyperref driver for pdfTeX
\Fld@listcount=\count126
\c@bookmark@seq@number=\count127
(/usr/share/texlive/texmf-dist/tex/latex/oberdiek/rerunfilecheck.sty
Package: rerunfilecheck 2016/05/16 v1.8 Rerun checks for auxiliary files (HO)
Package uniquecounter Info: New unique counter `rerunfilecheck' on input line 2
82.
)) (/usr/share/texlive/texmf-dist/tex/latex/beamer/beamerbaserequires.sty (/usr
/share/texlive/texmf-dist/tex/latex/beamer/beamerbasecompatibility.sty) (/usr/s
hare/texlive/texmf-dist/tex/latex/beamer/beamerbasefont.sty (/usr/share/texlive
/texmf-dist/tex/latex/amsfonts/amssymb.sty
Package: amssymb 2013/01/14 v3.01 AMS font symbols
(/usr/share/texlive/texmf-dist/tex/latex/amsfonts/amsfonts.sty
Package: amsfonts 2013/01/14 v3.01 Basic AMSFonts support
\@emptytoks=\toks26
\symAMSa=\mathgroup4
\symAMSb=\mathgroup5
LaTeX Font Info:    Overwriting math alphabet `\mathfrak' in version `bold'
(Font)                  U/euf/m/n --> U/euf/b/n on input line 106.
)) (/usr/share/texlive/texmf-dist/tex/latex/sansmathaccent/sansmathaccent.sty
Package: sansmathaccent 2013/03/28
(/usr/share/texlive/texmf-dist/tex/latex/filehook/filehook.sty
Package: filehook 2011/10/12 v0.5d Hooks for input files
))) (/usr/share/texlive/texmf-dist/tex/latex/beamer/beamerbasetranslator.sty (/
usr/share/texlive/texmf-dist/tex/latex/translator/translator.sty
Package: translator 2018/01/04 v1.12 Easy translation of strings in LaTeX
)) (/usr/share/texlive/texmf-dist/tex/latex/beamer/beamerbasemisc.sty) (/usr/sh
are/texlive/texmf-dist/tex/latex/beamer/beamerbasetwoscreens.sty) (/usr/share/t
exlive/texmf-dist/tex/latex/beamer/beamerbaseoverlay.sty
\beamer@argscount=\count128
\beamer@lastskipcover=\skip44
\beamer@trivlistdepth=\count129
) (/usr/share/texlive/texmf-dist/tex/latex/beamer/beamerbasetitle.sty) (/usr/sh
are/texlive/texmf-dist/tex/latex/beamer/beamerbasesection.sty
\c@lecture=\count130
\c@part=\count131
\c@section=\count132
\c@subsection=\count133
\c@subsubsection=\count134
) (/usr/share/texlive/texmf-dist/tex/latex/beamer/beamerbaseframe.sty
\beamer@framebox=\box40
\beamer@frametitlebox=\box41
\beamer@zoombox=\box42
\beamer@zoomcount=\count135
\beamer@zoomframecount=\count136
\beamer@frametextheight=\dimen167
\c@subsectionslide=\count137
\beamer@frametopskip=\skip45
\beamer@framebottomskip=\skip46
\beamer@frametopskipautobreak=\skip47
\beamer@framebottomskipautobreak=\skip48
\beamer@envbody=\toks27
\framewidth=\dimen168
\c@framenumber=\count138
) (/usr/share/texlive/texmf-dist/tex/latex/beamer/beamerbaseverbatim.sty
\beamer@verbatimfileout=\write4
) (/usr/share/texlive/texmf-dist/tex/latex/beamer/beamerbaseframesize.sty
\beamer@splitbox=\box43
\beamer@autobreakcount=\count139
\beamer@autobreaklastheight=\dimen169
\beamer@frametitletoks=\toks28
\beamer@framesubtitletoks=\toks29
) (/usr/share/texlive/texmf-dist/tex/latex/beamer/beamerbaseframecomponents.sty
\beamer@footins=\box44
) (/usr/share/texlive/texmf-dist/tex/latex/beamer/beamerbasecolor.sty
\beamer@bg@ht=\dimen170
\beamer@bg@wd=\dimen171
\beamer@bg@dp=\dimen172
) (/usr/share/texlive/texmf-dist/tex/latex/beamer/beamerbasenotes.sty
\beamer@frameboxcopy=\box45
) (/usr/share/texlive/texmf-dist/tex/latex/beamer/beamerbasetoc.sty) (/usr/shar
e/texlive/texmf-dist/tex/latex/beamer/beamerbasetemplates.sty
\beamer@sbttoks=\toks30
(/usr/share/texlive/texmf-dist/tex/latex/beamer/beamerbaseauxtemplates.sty (/us
r/share/texlive/texmf-dist/tex/latex/beamer/beamerbaseboxes.sty
\bmb@box=\box46
\bmb@colorbox=\box47
\bmb@boxwidth=\dimen173
\bmb@boxheight=\dimen174
\bmb@prevheight=\dimen175
\bmb@temp=\dimen176
\bmb@dima=\dimen177
\bmb@dimb=\dimen178
\bmb@prevheight=\dimen179
)
\beamer@blockheadheight=\dimen180
)) (/usr/share/texlive/texmf-dist/tex/latex/beamer/beamerbaselocalstructure.sty
(/usr/share/texlive/texmf-dist/tex/latex/tools/enumerate.sty
Package: enumerate 2015/07/23 v3.00 enumerate extensions (DPC)
\@enLab=\toks31
)
\c@figure=\count140
\c@table=\count141
\abovecaptionskip=\skip49
\belowcaptionskip=\skip50
) (/usr/share/texlive/texmf-dist/tex/latex/beamer/beamerbasenavigation.sty
\beamer@section@min@dim=\dimen181
) (/usr/share/texlive/texmf-dist/tex/latex/beamer/beamerbasetheorems.sty (/usr/
share/texlive/texmf-dist/tex/latex/amsmath/amsmath.sty
Package: amsmath 2017/09/02 v2.17a AMS math features
\@mathmargin=\skip51
For additional information on amsmath, use the `?' option.
(/usr/share/texlive/texmf-dist/tex/latex/amsmath/amstext.sty
Package: amstext 2000/06/29 v2.01 AMS text
(/usr/share/texlive/texmf-dist/tex/latex/amsmath/amsgen.sty
File: amsgen.sty 1999/11/30 v2.0 generic functions
\@emptytoks=\toks32
\ex@=\dimen182
)) (/usr/share/texlive/texmf-dist/tex/latex/amsmath/amsbsy.sty
Package: amsbsy 1999/11/29 v1.2d Bold Symbols
\pmbraise@=\dimen183
) (/usr/share/texlive/texmf-dist/tex/latex/amsmath/amsopn.sty
Package: amsopn 2016/03/08 v2.02 operator names
)
\inf@bad=\count142
LaTeX Info: Redefining \frac on input line 213.
\uproot@=\count143
\leftroot@=\count144
LaTeX Info: Redefining \overline on input line 375.
\classnum@=\count145
\DOTSCASE@=\count146
LaTeX Info: Redefining \ldots on input line 472.
LaTeX Info: Redefining \dots on input line 475.
LaTeX Info: Redefining \cdots on input line 596.
\Mathstrutbox@=\box48
\strutbox@=\box49
\big@size=\dimen184
LaTeX Font Info:    Redeclaring font encoding OML on input line 712.
LaTeX Font Info:    Redeclaring font encoding OMS on input line 713.
\macc@depth=\count147
\c@MaxMatrixCols=\count148
\dotsspace@=\muskip11
\c@parentequation=\count149
\dspbrk@lvl=\count150
\tag@help=\toks33
\row@=\count151
\column@=\count152
\maxfields@=\count153
\andhelp@=\toks34
\eqnshift@=\dimen185
\alignsep@=\dimen186
\tagshift@=\dimen187
\tagwidth@=\dimen188
\totwidth@=\dimen189
\lineht@=\dimen190
\@envbody=\toks35
\multlinegap=\skip52
\multlinetaggap=\skip53
\mathdisplay@stack=\toks36
LaTeX Info: Redefining \[ on input line 2817.
LaTeX Info: Redefining \] on input line 2818.
) (/usr/share/texlive/texmf-dist/tex/latex/amscls/amsthm.sty
Package: amsthm 2017/10/31 v2.20.4
\thm@style=\toks37
\thm@bodyfont=\toks38
\thm@headfont=\toks39
\thm@notefont=\toks40
\thm@headpunct=\toks41
\thm@preskip=\skip54
\thm@postskip=\skip55
\thm@headsep=\skip56
\dth@everypar=\toks42
)
\c@theorem=\count154
) (/usr/share/texlive/texmf-dist/tex/latex/beamer/beamerbasethemes.sty)) (/usr/
share/texlive/texmf-dist/tex/latex/beamer/beamerthemedefault.sty (/usr/share/te
xlive/texmf-dist/tex/latex/beamer/beamerfontthemedefault.sty) (/usr/share/texli
ve/texmf-dist/tex/latex/beamer/beamercolorthemedefault.sty) (/usr/share/texlive
/texmf-dist/tex/latex/beamer/beamerinnerthemedefault.sty
\beamer@dima=\dimen191
\beamer@dimb=\dimen192
) (/usr/share/texlive/texmf-dist/tex/latex/beamer/beamerouterthemedefault.sty))
) (/usr/share/texmf/tex/latex/lm/lmodern.sty
Package: lmodern 2009/10/30 v1.6 Latin Modern Fonts
LaTeX Font Info:    Overwriting symbol font `operators' in version `normal'
(Font)                  OT1/cmr/m/n --> OT1/lmr/m/n on input line 22.
LaTeX Font Info:    Overwriting symbol font `letters' in version `normal'
(Font)                  OML/cmm/m/it --> OML/lmm/m/it on input line 23.
LaTeX Font Info:    Overwriting symbol font `symbols' in version `normal'
(Font)                  OMS/cmsy/m/n --> OMS/lmsy/m/n on input line 24.
LaTeX Font Info:    Overwriting symbol font `largesymbols' in version `normal'
(Font)                  OMX/cmex/m/n --> OMX/lmex/m/n on input line 25.
LaTeX Font Info:    Overwriting symbol font `operators' in version `bold'
(Font)                  OT1/cmr/bx/n --> OT1/lmr/bx/n on input line 26.
LaTeX Font Info:    Overwriting symbol font `letters' in version `bold'
(Font)                  OML/cmm/b/it --> OML/lmm/b/it on input line 27.
LaTeX Font Info:    Overwriting symbol font `symbols' in version `bold'
(Font)                  OMS/cmsy/b/n --> OMS/lmsy/b/n on input line 28.
LaTeX Font Info:    Overwriting symbol font `largesymbols' in version `bold'
(Font)                  OMX/cmex/m/n --> OMX/lmex/m/n on input line 29.
LaTeX Font Info:    Overwriting math alphabet `\mathbf' in version `normal'
(Font)                  OT1/cmr/bx/n --> OT1/lmr/bx/n on input line 31.
LaTeX Font Info:    Overwriting math alphabet `\mathsf' in version `normal'
(Font)                  OT1/cmss/m/n --> OT1/lmss/m/n on input line 32.
LaTeX Font Info:    Overwriting math alphabet `\mathit' in version `normal'
(Font)                  OT1/cmr/m/it --> OT1/lmr/m/it on input line 33.
LaTeX Font Info:    Overwriting math alphabet `\mathtt' in version `normal'
(Font)                  OT1/cmtt/m/n --> OT1/lmtt/m/n on input line 34.
LaTeX Font Info:    Overwriting math alphabet `\mathbf' in version `bold'
(Font)                  OT1/cmr/bx/n --> OT1/lmr/bx/n on input line 35.
LaTeX Font Info:    Overwriting math alphabet `\mathsf' in version `bold'
(Font)                  OT1/cmss/bx/n --> OT1/lmss/bx/n on input line 36.
LaTeX Font Info:    Overwriting math alphabet `\mathit' in version `bold'
(Font)                  OT1/cmr/bx/it --> OT1/lmr/bx/it on input line 37.
LaTeX Font Info:    Overwriting math alphabet `\mathtt' in version `bold'
(Font)                  OT1/cmtt/m/n --> OT1/lmtt/m/n on input line 38.
) (/usr/share/texlive/texmf-dist/tex/latex/base/fixltx2e.sty
Package: fixltx2e 2016/12/29 v2.1a fixes to LaTeX (obsolete)
Applying: [2015/01/01] Old fixltx2e package on input line 46.

Package fixltx2e Warning: fixltx2e is not required with releases after 2015
(fixltx2e)                All fixes are now in the LaTeX kernel.
(fixltx2e)                See the latexrelease package for details.

Already applied: [0000/00/00] Old fixltx2e package on input line 53.
) (/usr/share/texlive/texmf-dist/tex/latex/base/fontenc.sty
Package: fontenc 2017/04/05 v2.0i Standard LaTeX package
(/usr/share/texlive/texmf-dist/tex/latex/base/t1enc.def
File: t1enc.def 2017/04/05 v2.0i Standard LaTeX file
LaTeX Font Info:    Redeclaring font encoding T1 on input line 48.
)) (/usr/share/texlive/texmf-dist/tex/latex/base/inputenc.sty
Package: inputenc 2018/04/06 v1.3b Input encoding file
\inpenc@prehook=\toks43
\inpenc@posthook=\toks44
) (/usr/share/texlive/texmf-dist/tex/latex/beamer/beamerthemebars.sty
(/usr/share/texlive/texmf-dist/tex/latex/beamer/beamerfontthemestructurebold.st
y) (/usr/share/texlive/texmf-dist/tex/latex/beamer/beamerouterthememiniframes.s
ty) (/usr/share/texlive/texmf-dist/tex/latex/beamer/beamercolorthemewhale.sty))
(/usr/share/texlive/texmf-dist/tex/latex/tools/multicol.sty
Package: multicol 2018/04/20 v1.8s multicolumn formatting (FMi)
\c@tracingmulticols=\count155
\mult@box=\box50
\multicol@leftmargin=\dimen193
\c@unbalance=\count156
\c@collectmore=\count157
\doublecol@number=\count158
\multicoltolerance=\count159
\multicolpretolerance=\count160
\full@width=\dimen194
\page@free=\dimen195
\premulticols=\dimen196
\postmulticols=\dimen197
\multicolsep=\skip57
\multicolbaselineskip=\skip58
\partial@page=\box51
\last@line=\box52
\maxbalancingoverflow=\dimen198
\mult@rightbox=\box53
\mult@grightbox=\box54
\mult@gfirstbox=\box55
\mult@firstbox=\box56
\@tempa=\box57
\@tempa=\box58
\@tempa=\box59
\@tempa=\box60
\@tempa=\box61
\@tempa=\box62
\@tempa=\box63
\@tempa=\box64
\@tempa=\box65
\@tempa=\box66
\@tempa=\box67
\@tempa=\box68
\@tempa=\box69
\@tempa=\box70
\@tempa=\box71
\@tempa=\box72
\@tempa=\box73
\c@columnbadness=\count161
\c@finalcolumnbadness=\count162
\last@try=\dimen199
\multicolovershoot=\dimen256
\multicolundershoot=\dimen257
\mult@nat@firstbox=\box74
\colbreak@box=\box75
\mc@col@check@num=\count163
) (/usr/share/texlive/texmf-dist/tex/latex/multirow/multirow.sty
Package: multirow 2018/08/03 v2.3 Span multiple rows of a table
\multirow@colwidth=\skip59
\multirow@cntb=\count164
\multirow@dima=\skip60
\bigstrutjot=\dimen258
) (/usr/share/texlive/texmf-dist/tex/latex/changepage/changepage.sty
Package: changepage 2009/10/20 v1.0c check page and change page layout
\c@cp@cntr=\count165
\cp@tempcnt=\count166
)
\sympureletters=\mathgroup6
LaTeX Font Info:    Overwriting symbol font `pureletters' in version `bold'
(Font)                  OT1/mathkerncmss/m/sl --> OT1/mathkerncmss/bx/sl on inp
ut line 33.
(/usr/share/texlive/texmf-dist/tex/latex/tools/bm.sty
Package: bm 2017/01/16 v1.2c Bold Symbol Support (DPC/FMi)
\symboldoperators=\mathgroup7
\symboldletters=\mathgroup8
\symboldsymbols=\mathgroup9
\symboldpureletters=\mathgroup10
LaTeX Font Info:    Redeclaring math alphabet \mathbf on input line 141.
LaTeX Info: Redefining \bm on input line 207.
) (/usr/share/texlive/texmf-dist/tex/latex/animate/animate.sty
Package: animate 2018/08/22 PDF animations from files and inline graphics
(/usr/share/texlive/texmf-dist/tex/latex/xkeyval/xkeyval.sty
Package: xkeyval 2014/12/03 v2.7a package option processing (HA)
(/usr/share/texlive/texmf-dist/tex/generic/xkeyval/xkeyval.tex (/usr/share/texl
ive/texmf-dist/tex/generic/xkeyval/xkvutils.tex
\XKV@toks=\toks45
\XKV@tempa@toks=\toks46
)
\XKV@depth=\count167
File: xkeyval.tex 2014/12/03 v2.7a key=value parser (HA)
)) (/usr/share/texlive/texmf-dist/tex/latex/base/ifthen.sty
Package: ifthen 2014/09/29 v1.1c Standard LaTeX ifthen package (DPC)
) (/usr/share/texlive/texmf-dist/tex/latex/oberdiek/ifdraft.sty
Package: ifdraft 2016/05/16 v1.4 Detect class options draft and final (HO)
) (/usr/share/texlive/texmf-dist/tex/latex/tools/calc.sty
Package: calc 2017/05/25 v4.3 Infix arithmetic (KKT,FJ)
\calc@Acount=\count168
\calc@Bcount=\count169
\calc@Adimen=\dimen259
\calc@Bdimen=\dimen260
\calc@Askip=\skip61
\calc@Bskip=\skip62
LaTeX Info: Redefining \setlength on input line 80.
LaTeX Info: Redefining \addtolength on input line 81.
\calc@Ccount=\count170
\calc@Cskip=\skip63
) (/usr/share/texlive/texmf-dist/tex/latex/media9/pdfbase.sty (/usr/share/texli
ve/texmf-dist/tex/latex/l3kernel/expl3.sty
Package: expl3 2018-06-14 L3 programming layer (loader) 
(/usr/share/texlive/texmf-dist/tex/latex/l3kernel/expl3-code.tex
Package: expl3 2018-06-14 L3 programming layer (code)
\c_max_int=\count171
\l_tmpa_int=\count172
\l_tmpb_int=\count173
\g_tmpa_int=\count174
\g_tmpb_int=\count175
\g__kernel_prg_map_int=\count176
\c_log_iow=\count177
\l_iow_line_count_int=\count178
\l__iow_line_target_int=\count179
\l__iow_one_indent_int=\count180
\l__iow_indent_int=\count181
\c_zero_dim=\dimen261
\c_max_dim=\dimen262
\l_tmpa_dim=\dimen263
\l_tmpb_dim=\dimen264
\g_tmpa_dim=\dimen265
\g_tmpb_dim=\dimen266
\c_zero_skip=\skip64
\c_max_skip=\skip65
\l_tmpa_skip=\skip66
\l_tmpb_skip=\skip67
\g_tmpa_skip=\skip68
\g_tmpb_skip=\skip69
\c_zero_muskip=\muskip12
\c_max_muskip=\muskip13
\l_tmpa_muskip=\muskip14
\l_tmpb_muskip=\muskip15
\g_tmpa_muskip=\muskip16
\g_tmpb_muskip=\muskip17
\l_keys_choice_int=\count182
\l__intarray_loop_int=\count183
\c__intarray_sp_dim=\dimen267
\g__intarray_font_int=\count184
\c__fp_leading_shift_int=\count185
\c__fp_middle_shift_int=\count186
\c__fp_trailing_shift_int=\count187
\c__fp_big_leading_shift_int=\count188
\c__fp_big_middle_shift_int=\count189
\c__fp_big_trailing_shift_int=\count190
\c__fp_Bigg_leading_shift_int=\count191
\c__fp_Bigg_middle_shift_int=\count192
\c__fp_Bigg_trailing_shift_int=\count193
\c__kernel_randint_max_int=\count194
\g__fp_array_int=\count195
\l__fp_array_loop_int=\count196
\l__sort_length_int=\count197
\l__sort_min_int=\count198
\l__sort_top_int=\count199
\l__sort_max_int=\count266
\l__sort_true_max_int=\count267
\l__sort_block_int=\count268
\l__sort_begin_int=\count269
\l__sort_end_int=\count270
\l__sort_A_int=\count271
\l__sort_B_int=\count272
\l__sort_C_int=\count273
\l__tl_analysis_normal_int=\count274
\l__tl_analysis_index_int=\count275
\l__tl_analysis_nesting_int=\count276
\l__tl_analysis_type_int=\count277
\l__regex_internal_a_int=\count278
\l__regex_internal_b_int=\count279
\l__regex_internal_c_int=\count280
\l__regex_balance_int=\count281
\l__regex_group_level_int=\count282
\l__regex_mode_int=\count283
\c__regex_cs_in_class_mode_int=\count284
\c__regex_cs_mode_int=\count285
\l__regex_catcodes_int=\count286
\l__regex_default_catcodes_int=\count287
\c__regex_catcode_D_int=\count288
\c__regex_catcode_S_int=\count289
\c__regex_catcode_L_int=\count290
\c__regex_catcode_O_int=\count291
\c__regex_catcode_A_int=\count292
\c__regex_all_catcodes_int=\count293
\l__regex_show_lines_int=\count294
\l__regex_min_state_int=\count295
\l__regex_max_state_int=\count296
\l__regex_left_state_int=\count297
\l__regex_right_state_int=\count298
\l__regex_capturing_group_int=\count299
\l__regex_min_pos_int=\count300
\l__regex_max_pos_int=\count301
\l__regex_curr_pos_int=\count302
\l__regex_start_pos_int=\count303
\l__regex_success_pos_int=\count304
\l__regex_curr_char_int=\count305
\l__regex_curr_catcode_int=\count306
\l__regex_last_char_int=\count307
\l__regex_case_changed_char_int=\count308
\l__regex_curr_state_int=\count309
\l__regex_step_int=\count310
\l__regex_min_active_int=\count311
\l__regex_max_active_int=\count312
\l__regex_replacement_csnames_int=\count313
\l__regex_match_count_int=\count314
\l__regex_min_submatch_int=\count315
\l__regex_submatch_int=\count316
\l__regex_zeroth_submatch_int=\count317
\g__regex_trace_regex_int=\count318
\c_empty_box=\box76
\l_tmpa_box=\box77
\l_tmpb_box=\box78
\g_tmpa_box=\box79
\g_tmpb_box=\box80
\l__box_top_dim=\dimen268
\l__box_bottom_dim=\dimen269
\l__box_left_dim=\dimen270
\l__box_right_dim=\dimen271
\l__box_top_new_dim=\dimen272
\l__box_bottom_new_dim=\dimen273
\l__box_left_new_dim=\dimen274
\l__box_right_new_dim=\dimen275
\l__box_internal_box=\box81
\l__coffin_internal_box=\box82
\l__coffin_internal_dim=\dimen276
\l__coffin_offset_x_dim=\dimen277
\l__coffin_offset_y_dim=\dimen278
\l__coffin_x_dim=\dimen279
\l__coffin_y_dim=\dimen280
\l__coffin_x_prime_dim=\dimen281
\l__coffin_y_prime_dim=\dimen282
\c_empty_coffin=\box83
\l__coffin_aligned_coffin=\box84
\l__coffin_aligned_internal_coffin=\box85
\l_tmpa_coffin=\box86
\l_tmpb_coffin=\box87
\l__coffin_display_coffin=\box88
\l__coffin_display_coord_coffin=\box89
\l__coffin_display_pole_coffin=\box90
\l__coffin_display_offset_dim=\dimen283
\l__coffin_display_x_dim=\dimen284
\l__coffin_display_y_dim=\dimen285
\g__file_internal_ior=\read2
\l__coffin_bounding_shift_dim=\dimen286
\l__coffin_left_corner_dim=\dimen287
\l__coffin_right_corner_dim=\dimen288
\l__coffin_bottom_corner_dim=\dimen289
\l__coffin_top_corner_dim=\dimen290
\l__coffin_scaled_total_height_dim=\dimen291
\l__coffin_scaled_width_dim=\dimen292
\l__seq_internal_a_int=\count319
\l__seq_internal_b_int=\count320
) (/usr/share/texlive/texmf-dist/tex/latex/l3kernel/l3pdfmode.def
File: l3pdfmode.def 2018-06-14 v L3 Experimental driver: PDF mode
\l__driver_color_stack_int=\count321
)) (/usr/share/texlive/texmf-dist/tex/latex/l3packages/l3keys2e/l3keys2e.sty
Package: l3keys2e 2018-05-12 LaTeX2e option processing using LaTeX3 keys
)
Package: pdfbase 2018/06/07 v0.24 driver independent access to low-level PDF fe
atures
\g_pbs_page_int=\count322
\g_pbs_oc_int=\count323
) (/usr/share/texlive/texmf-dist/tex/latex/ocgx2/ocgbase.sty
Package: ocgbase 2018/06/07 v0.14 support package for ocgx2.sty
\g_ocgbase_nd_int=\count324
)
\@anim@box=\box91
\@anim@measbox=\box92
\@anim@tmpdima=\dimen293
\@anim@tmpdimb=\dimen294
\@anim@num=\count325
\@anim@curframe=\count326
\@anim@curframe@zb=\count327
\@anim@resizeflags=\count328
\@anim@skipfram=\count329
\@anim@mulframecnt=\count330
\@anim@@tmlnfile=\read3
\@anim@tmpcnt=\count331
\c@@anim@ltxcnt=\count332
\@anim@curlayer=\count333
\@anim@lineno=\count334
\@anim@curfield=\count335
\@anim@@resizeflags=\count336
) (/usr/share/texlive/texmf-dist/tex/latex/beamer/beamerthemeBoadilla.sty (/usr
/share/texlive/texmf-dist/tex/latex/beamer/beamercolorthemerose.sty) (/usr/shar
e/texlive/texmf-dist/tex/latex/beamer/beamerinnerthemerounded.sty) (/usr/share/
texlive/texmf-dist/tex/latex/beamer/beamercolorthemedolphin.sty) (/usr/share/te
xlive/texmf-dist/tex/latex/beamer/beamerouterthemeinfolines.sty)) (/usr/share/t
exlive/texmf-dist/tex/latex/beamer/beamercolorthemedove.sty)
Package hyperref Info: Option `colorlinks' set `true' on input line 83.
(/usr/share/texlive/texmf-dist/tex/latex/upquote/upquote.sty
Package: upquote 2012/04/19 v1.3 upright-quote and grave-accent glyphs in verba
tim
(/usr/share/texlive/texmf-dist/tex/latex/base/textcomp.sty
Package: textcomp 2017/04/05 v2.0i Standard LaTeX package
Package textcomp Info: Sub-encoding information:
(textcomp)               5 = only ISO-Adobe without \textcurrency
(textcomp)               4 = 5 + \texteuro
(textcomp)               3 = 4 + \textohm
(textcomp)               2 = 3 + \textestimated + \textcurrency
(textcomp)               1 = TS1 - \textcircled - \t
(textcomp)               0 = TS1 (full)
(textcomp)             Font families with sub-encoding setting implement
(textcomp)             only a restricted character set as indicated.
(textcomp)             Family '?' is the default used for unknown fonts.
(textcomp)             See the documentation for details.
Package textcomp Info: Setting ? sub-encoding to TS1/1 on input line 79.
(/usr/share/texlive/texmf-dist/tex/latex/base/ts1enc.def
File: ts1enc.def 2001/06/05 v3.0e (jk/car/fm) Standard LaTeX file
Now handling font encoding TS1 ...
... processing UTF-8 mapping file for font encoding TS1
(/usr/share/texlive/texmf-dist/tex/latex/base/ts1enc.dfu
File: ts1enc.dfu 2018/04/05 v1.2c UTF-8 support for inputenc
   defining Unicode char U+00A2 (decimal 162)
   defining Unicode char U+00A3 (decimal 163)
   defining Unicode char U+00A4 (decimal 164)
   defining Unicode char U+00A5 (decimal 165)
   defining Unicode char U+00A6 (decimal 166)
   defining Unicode char U+00A7 (decimal 167)
   defining Unicode char U+00A8 (decimal 168)
   defining Unicode char U+00A9 (decimal 169)
   defining Unicode char U+00AA (decimal 170)
   defining Unicode char U+00AC (decimal 172)
   defining Unicode char U+00AE (decimal 174)
   defining Unicode char U+00AF (decimal 175)
   defining Unicode char U+00B0 (decimal 176)
   defining Unicode char U+00B1 (decimal 177)
   defining Unicode char U+00B2 (decimal 178)
   defining Unicode char U+00B3 (decimal 179)
   defining Unicode char U+00B4 (decimal 180)
   defining Unicode char U+00B5 (decimal 181)
   defining Unicode char U+00B6 (decimal 182)
   defining Unicode char U+00B7 (decimal 183)
   defining Unicode char U+00B9 (decimal 185)
   defining Unicode char U+00BA (decimal 186)
   defining Unicode char U+00BC (decimal 188)
   defining Unicode char U+00BD (decimal 189)
   defining Unicode char U+00BE (decimal 190)
   defining Unicode char U+00D7 (decimal 215)
   defining Unicode char U+00F7 (decimal 247)
   defining Unicode char U+0192 (decimal 402)
   defining Unicode char U+02C7 (decimal 711)
   defining Unicode char U+02D8 (decimal 728)
   defining Unicode char U+02DD (decimal 733)
   defining Unicode char U+0E3F (decimal 3647)
   defining Unicode char U+2016 (decimal 8214)
   defining Unicode char U+2020 (decimal 8224)
   defining Unicode char U+2021 (decimal 8225)
   defining Unicode char U+2022 (decimal 8226)
   defining Unicode char U+2030 (decimal 8240)
   defining Unicode char U+2031 (decimal 8241)
   defining Unicode char U+203B (decimal 8251)
   defining Unicode char U+203D (decimal 8253)
   defining Unicode char U+2044 (decimal 8260)
   defining Unicode char U+204E (decimal 8270)
   defining Unicode char U+2052 (decimal 8274)
   defining Unicode char U+20A1 (decimal 8353)
   defining Unicode char U+20A4 (decimal 8356)
   defining Unicode char U+20A6 (decimal 8358)
   defining Unicode char U+20A9 (decimal 8361)
   defining Unicode char U+20AB (decimal 8363)
   defining Unicode char U+20AC (decimal 8364)
   defining Unicode char U+20B1 (decimal 8369)
   defining Unicode char U+2103 (decimal 8451)
   defining Unicode char U+2116 (decimal 8470)
   defining Unicode char U+2117 (decimal 8471)
   defining Unicode char U+211E (decimal 8478)
   defining Unicode char U+2120 (decimal 8480)
   defining Unicode char U+2122 (decimal 8482)
   defining Unicode char U+2126 (decimal 8486)
   defining Unicode char U+2127 (decimal 8487)
   defining Unicode char U+212E (decimal 8494)
   defining Unicode char U+2190 (decimal 8592)
   defining Unicode char U+2191 (decimal 8593)
   defining Unicode char U+2192 (decimal 8594)
   defining Unicode char U+2193 (decimal 8595)
   defining Unicode char U+2329 (decimal 9001)
   defining Unicode char U+232A (decimal 9002)
   defining Unicode char U+2422 (decimal 9250)
   defining Unicode char U+25E6 (decimal 9702)
   defining Unicode char U+25EF (decimal 9711)
   defining Unicode char U+266A (decimal 9834)
   defining Unicode char U+FEFF (decimal 65279)
))
LaTeX Info: Redefining \oldstylenums on input line 334.
Package textcomp Info: Setting cmr sub-encoding to TS1/0 on input line 349.
Package textcomp Info: Setting cmss sub-encoding to TS1/0 on input line 350.
Package textcomp Info: Setting cmtt sub-encoding to TS1/0 on input line 351.
Package textcomp Info: Setting cmvtt sub-encoding to TS1/0 on input line 352.
Package textcomp Info: Setting cmbr sub-encoding to TS1/0 on input line 353.
Package textcomp Info: Setting cmtl sub-encoding to TS1/0 on input line 354.
Package textcomp Info: Setting ccr sub-encoding to TS1/0 on input line 355.
Package textcomp Info: Setting ptm sub-encoding to TS1/4 on input line 356.
Package textcomp Info: Setting pcr sub-encoding to TS1/4 on input line 357.
Package textcomp Info: Setting phv sub-encoding to TS1/4 on input line 358.
Package textcomp Info: Setting ppl sub-encoding to TS1/3 on input line 359.
Package textcomp Info: Setting pag sub-encoding to TS1/4 on input line 360.
Package textcomp Info: Setting pbk sub-encoding to TS1/4 on input line 361.
Package textcomp Info: Setting pnc sub-encoding to TS1/4 on input line 362.
Package textcomp Info: Setting pzc sub-encoding to TS1/4 on input line 363.
Package textcomp Info: Setting bch sub-encoding to TS1/4 on input line 364.
Package textcomp Info: Setting put sub-encoding to TS1/5 on input line 365.
Package textcomp Info: Setting uag sub-encoding to TS1/5 on input line 366.
Package textcomp Info: Setting ugq sub-encoding to TS1/5 on input line 367.
Package textcomp Info: Setting ul8 sub-encoding to TS1/4 on input line 368.
Package textcomp Info: Setting ul9 sub-encoding to TS1/4 on input line 369.
Package textcomp Info: Setting augie sub-encoding to TS1/5 on input line 370.
Package textcomp Info: Setting dayrom sub-encoding to TS1/3 on input line 371.
Package textcomp Info: Setting dayroms sub-encoding to TS1/3 on input line 372.

Package textcomp Info: Setting pxr sub-encoding to TS1/0 on input line 373.
Package textcomp Info: Setting pxss sub-encoding to TS1/0 on input line 374.
Package textcomp Info: Setting pxtt sub-encoding to TS1/0 on input line 375.
Package textcomp Info: Setting txr sub-encoding to TS1/0 on input line 376.
Package textcomp Info: Setting txss sub-encoding to TS1/0 on input line 377.
Package textcomp Info: Setting txtt sub-encoding to TS1/0 on input line 378.
Package textcomp Info: Setting lmr sub-encoding to TS1/0 on input line 379.
Package textcomp Info: Setting lmdh sub-encoding to TS1/0 on input line 380.
Package textcomp Info: Setting lmss sub-encoding to TS1/0 on input line 381.
Package textcomp Info: Setting lmssq sub-encoding to TS1/0 on input line 382.
Package textcomp Info: Setting lmvtt sub-encoding to TS1/0 on input line 383.
Package textcomp Info: Setting lmtt sub-encoding to TS1/0 on input line 384.
Package textcomp Info: Setting qhv sub-encoding to TS1/0 on input line 385.
Package textcomp Info: Setting qag sub-encoding to TS1/0 on input line 386.
Package textcomp Info: Setting qbk sub-encoding to TS1/0 on input line 387.
Package textcomp Info: Setting qcr sub-encoding to TS1/0 on input line 388.
Package textcomp Info: Setting qcs sub-encoding to TS1/0 on input line 389.
Package textcomp Info: Setting qpl sub-encoding to TS1/0 on input line 390.
Package textcomp Info: Setting qtm sub-encoding to TS1/0 on input line 391.
Package textcomp Info: Setting qzc sub-encoding to TS1/0 on input line 392.
Package textcomp Info: Setting qhvc sub-encoding to TS1/0 on input line 393.
Package textcomp Info: Setting futs sub-encoding to TS1/4 on input line 394.
Package textcomp Info: Setting futx sub-encoding to TS1/4 on input line 395.
Package textcomp Info: Setting futj sub-encoding to TS1/4 on input line 396.
Package textcomp Info: Setting hlh sub-encoding to TS1/3 on input line 397.
Package textcomp Info: Setting hls sub-encoding to TS1/3 on input line 398.
Package textcomp Info: Setting hlst sub-encoding to TS1/3 on input line 399.
Package textcomp Info: Setting hlct sub-encoding to TS1/5 on input line 400.
Package textcomp Info: Setting hlx sub-encoding to TS1/5 on input line 401.
Package textcomp Info: Setting hlce sub-encoding to TS1/5 on input line 402.
Package textcomp Info: Setting hlcn sub-encoding to TS1/5 on input line 403.
Package textcomp Info: Setting hlcw sub-encoding to TS1/5 on input line 404.
Package textcomp Info: Setting hlcf sub-encoding to TS1/5 on input line 405.
Package textcomp Info: Setting pplx sub-encoding to TS1/3 on input line 406.
Package textcomp Info: Setting pplj sub-encoding to TS1/3 on input line 407.
Package textcomp Info: Setting ptmx sub-encoding to TS1/4 on input line 408.
Package textcomp Info: Setting ptmj sub-encoding to TS1/4 on input line 409.
)) (/usr/share/texlive/texmf-dist/tex/latex/microtype/microtype.sty
Package: microtype 2018/01/14 v2.7a Micro-typographical refinements (RS)
\MT@toks=\toks47
\MT@count=\count337
LaTeX Info: Redefining \textls on input line 793.
\MT@outer@kern=\dimen295
LaTeX Info: Redefining \textmicrotypecontext on input line 1339.
\MT@listname@count=\count338
(/usr/share/texlive/texmf-dist/tex/latex/microtype/microtype-pdftex.def
File: microtype-pdftex.def 2018/01/14 v2.7a Definitions specific to pdftex (RS)

LaTeX Info: Redefining \lsstyle on input line 913.
LaTeX Info: Redefining \lslig on input line 913.
\MT@outer@space=\skip70
)
Package microtype Info: Loading configuration file microtype.cfg.
(/usr/share/texlive/texmf-dist/tex/latex/microtype/microtype.cfg
File: microtype.cfg 2018/01/14 v2.7a microtype main configuration file (RS)
)) (/usr/share/texlive/texmf-dist/tex/latex/fancyvrb/fancyvrb.sty
Package: fancyvrb 2008/02/07

Style option: `fancyvrb' v2.7a, with DG/SPQR fixes, and firstline=lastline fix 
<2008/02/07> (tvz)
\FV@CodeLineNo=\count339
\FV@InFile=\read4
\FV@TabBox=\box93
\c@FancyVerbLine=\count340
\FV@StepNumber=\count341
\FV@OutFile=\write5
) (/usr/share/texlive/texmf-dist/tex/latex/framed/framed.sty
Package: framed 2011/10/22 v 0.96: framed or shaded text with page breaks
\OuterFrameSep=\skip71
\fb@frw=\dimen296
\fb@frh=\dimen297
\FrameRule=\dimen298
\FrameSep=\dimen299
) (/usr/share/texlive/texmf-dist/tex/latex/oberdiek/grffile.sty
Package: grffile 2017/06/30 v1.18 Extended file name support for graphics (HO)
Package grffile Info: Option `multidot' is set to `true'.
Package grffile Info: Option `extendedchars' is set to `false'.
Package grffile Info: Option `space' is set to `true'.
Package grffile Info: \Gin@ii of package `graphicx' fixed on input line 494.
)

Package hyperref Warning: Token not allowed in a PDF string (PDFDocEncoding):
(hyperref)                removing `\newline' on input line 186.


Package hyperref Warning: Token not allowed in a PDF string (PDFDocEncoding):
(hyperref)                removing `\begingroup' on input line 186.


Package hyperref Warning: Token not allowed in a PDF string (PDFDocEncoding):
(hyperref)                removing `\catcode' on input line 186.


Package hyperref Warning: Token not allowed in a PDF string (PDFDocEncoding):
(hyperref)                removing `\active' on input line 186.


Package hyperref Warning: Token not allowed in a PDF string (PDFDocEncoding):
(hyperref)                removing `\<def>-command' on input line 186.


Package hyperref Warning: Token not allowed in a PDF string (PDFDocEncoding):
(hyperref)                removing `\csname\endcsname' on input line 186.


Package hyperref Warning: Token not allowed in a PDF string (PDFDocEncoding):
(hyperref)                removing `\catcode' on input line 186.


Package hyperref Warning: Token not allowed in a PDF string (PDFDocEncoding):
(hyperref)                removing `\active' on input line 186.


Package hyperref Warning: Token not allowed in a PDF string (PDFDocEncoding):
(hyperref)                removing `\<let>-command' on input line 186.


Package hyperref Warning: Token not allowed in a PDF string (PDFDocEncoding):
(hyperref)                removing `\csname\endcsname' on input line 186.


Package hyperref Warning: Token not allowed in a PDF string (PDFDocEncoding):
(hyperref)                removing `\<let>-command' on input line 186.


Package hyperref Warning: Token not allowed in a PDF string (PDFDocEncoding):
(hyperref)                removing `\%' on input line 186.


Package hyperref Warning: Token not allowed in a PDF string (PDFDocEncoding):
(hyperref)                removing `\catcode' on input line 186.


Package hyperref Warning: Token not allowed in a PDF string (PDFDocEncoding):
(hyperref)                removing `\active' on input line 186.


Package hyperref Warning: Token not allowed in a PDF string (PDFDocEncoding):
(hyperref)                removing `\<def>-command' on input line 186.


Package hyperref Warning: Token not allowed in a PDF string (PDFDocEncoding):
(hyperref)                removing `\csname\endcsname' on input line 186.


Package hyperref Warning: Token not allowed in a PDF string (PDFDocEncoding):
(hyperref)                removing `\<def>-command' on input line 186.


Package hyperref Warning: Token not allowed in a PDF string (PDFDocEncoding):
(hyperref)                removing `\#' on input line 186.


Package hyperref Warning: Token not allowed in a PDF string (PDFDocEncoding):
(hyperref)                removing `\catcode' on input line 186.


Package hyperref Warning: Token not allowed in a PDF string (PDFDocEncoding):
(hyperref)                removing `\<def>-command' on input line 186.


Package hyperref Warning: Token not allowed in a PDF string (PDFDocEncoding):
(hyperref)                removing `\csname\endcsname' on input line 186.


Package hyperref Warning: Token not allowed in a PDF string (PDFDocEncoding):
(hyperref)                removing `\<def>-command' on input line 186.


Package hyperref Warning: Token not allowed in a PDF string (PDFDocEncoding):
(hyperref)                removing `\&' on input line 186.


Package hyperref Warning: Token not allowed in a PDF string (PDFDocEncoding):
(hyperref)                removing `\<def>-command' on input line 186.


Package hyperref Warning: Token not allowed in a PDF string (PDFDocEncoding):
(hyperref)                removing `\textunderscore' on input line 186.


Package hyperref Warning: Token not allowed in a PDF string (PDFDocEncoding):
(hyperref)                removing `\<let>-command' on input line 186.


Package hyperref Warning: Token not allowed in a PDF string (PDFDocEncoding):
(hyperref)                removing `\_' on input line 186.


Package hyperref Warning: Token not allowed in a PDF string (PDFDocEncoding):
(hyperref)                removing `\catcode' on input line 186.


Package hyperref Warning: Token not allowed in a PDF string (PDFDocEncoding):
(hyperref)                removing `\active' on input line 186.


Package hyperref Warning: Token not allowed in a PDF string (PDFDocEncoding):
(hyperref)                removing `\<let>-command' on input line 186.


Package hyperref Warning: Token not allowed in a PDF string (PDFDocEncoding):
(hyperref)                removing `\csname\endcsname' on input line 186.


Package hyperref Warning: Token not allowed in a PDF string (PDFDocEncoding):
(hyperref)                removing `\<let>-command' on input line 186.


Package hyperref Warning: Token not allowed in a PDF string (PDFDocEncoding):
(hyperref)                removing `\csname\endcsname' on input line 186.


Package hyperref Warning: Token not allowed in a PDF string (PDFDocEncoding):
(hyperref)                removing `\<let>-command' on input line 186.


Package hyperref Warning: Token not allowed in a PDF string (PDFDocEncoding):
(hyperref)                removing `\~' on input line 186.


Package hyperref Warning: Token not allowed in a PDF string (PDFDocEncoding):
(hyperref)                removing `\<let>-command' on input line 186.


Package hyperref Warning: Token not allowed in a PDF string (PDFDocEncoding):
(hyperref)                removing `\textasciitilde' on input line 186.


Package hyperref Warning: Token not allowed in a PDF string (PDFDocEncoding):
(hyperref)                removing `\<let>-command' on input line 186.


Package hyperref Warning: Token not allowed in a PDF string (PDFDocEncoding):
(hyperref)                removing `\\' on input line 186.


Package hyperref Warning: Token not allowed in a PDF string (PDFDocEncoding):
(hyperref)                removing `\<def>-command' on input line 186.


Package hyperref Warning: Token not allowed in a PDF string (PDFDocEncoding):
(hyperref)                removing `\csname\endcsname' on input line 186.


Package hyperref Warning: Token not allowed in a PDF string (PDFDocEncoding):
(hyperref)                removing `\<def>-command' on input line 186.


Package hyperref Warning: Token not allowed in a PDF string (PDFDocEncoding):
(hyperref)                removing `\Hy@tempa' on input line 186.


Package hyperref Warning: Token not allowed in a PDF string (PDFDocEncoding):
(hyperref)                removing `\<def>-command' on input line 186.


Package hyperref Warning: Token not allowed in a PDF string (PDFDocEncoding):
(hyperref)                removing `\Hy@tempa' on input line 186.

(./slides.aux)
\openout1 = `slides.aux'.

LaTeX Font Info:    Checking defaults for OML/cmm/m/it on input line 216.
LaTeX Font Info:    ... okay on input line 216.
LaTeX Font Info:    Checking defaults for T1/cmr/m/n on input line 216.
LaTeX Font Info:    ... okay on input line 216.
LaTeX Font Info:    Checking defaults for OT1/cmr/m/n on input line 216.
LaTeX Font Info:    ... okay on input line 216.
LaTeX Font Info:    Checking defaults for OMS/cmsy/m/n on input line 216.
LaTeX Font Info:    ... okay on input line 216.
LaTeX Font Info:    Checking defaults for OMX/cmex/m/n on input line 216.
LaTeX Font Info:    ... okay on input line 216.
LaTeX Font Info:    Checking defaults for U/cmr/m/n on input line 216.
LaTeX Font Info:    ... okay on input line 216.
LaTeX Font Info:    Checking defaults for PD1/pdf/m/n on input line 216.
LaTeX Font Info:    ... okay on input line 216.
LaTeX Font Info:    Checking defaults for TS1/cmr/m/n on input line 216.
LaTeX Font Info:    Try loading font information for TS1+cmr on input line 216.

(/usr/share/texlive/texmf-dist/tex/latex/base/ts1cmr.fd
File: ts1cmr.fd 2014/09/29 v2.5h Standard LaTeX font definitions
)
LaTeX Font Info:    ... okay on input line 216.
LaTeX Font Info:    Try loading font information for T1+lmss on input line 216.

(/usr/share/texmf/tex/latex/lm/t1lmss.fd
File: t1lmss.fd 2009/10/30 v1.6 Font defs for Latin Modern
)
*geometry* driver: auto-detecting
*geometry* detected driver: pdftex
*geometry* verbose mode - [ preamble ] result:
* driver: pdftex
* paper: custom
* layout: <same size as paper>
* layoutoffset:(h,v)=(0.0pt,0.0pt)
* modes: includehead includefoot 
* h-part:(L,W,R)=(10.88002pt, 342.43532pt, 10.88002pt)
* v-part:(T,H,B)=(0.0pt, 273.14662pt, 0.0pt)
* \paperwidth=364.19536pt
* \paperheight=273.14662pt
* \textwidth=342.43532pt
* \textheight=244.6939pt
* \oddsidemargin=-61.38997pt
* \evensidemargin=-61.38997pt
* \topmargin=-72.26999pt
* \headheight=14.22636pt
* \headsep=0.0pt
* \topskip=11.0pt
* \footskip=14.22636pt
* \marginparwidth=4.0pt
* \marginparsep=10.0pt
* \columnsep=10.0pt
* \skip\footins=10.0pt plus 4.0pt minus 2.0pt
* \hoffset=0.0pt
* \voffset=0.0pt
* \mag=1000
* \@twocolumnfalse
* \@twosidefalse
* \@mparswitchfalse
* \@reversemarginfalse
* (1in=72.27pt=25.4mm, 1cm=28.453pt)

(/usr/share/texlive/texmf-dist/tex/context/base/mkii/supp-pdf.mkii
[Loading MPS to PDF converter (version 2006.09.02).]
\scratchcounter=\count342
\scratchdimen=\dimen300
\scratchbox=\box94
\nofMPsegments=\count343
\nofMParguments=\count344
\everyMPshowfont=\toks48
\MPscratchCnt=\count345
\MPscratchDim=\dimen301
\MPnumerator=\count346
\makeMPintoPDFobject=\count347
\everyMPtoPDFconversion=\toks49
) (/usr/share/texlive/texmf-dist/tex/latex/oberdiek/epstopdf-base.sty
Package: epstopdf-base 2016/05/15 v2.6 Base part for package epstopdf
(/usr/share/texlive/texmf-dist/tex/latex/oberdiek/grfext.sty
Package: grfext 2016/05/16 v1.2 Manage graphics extensions (HO)
)
Package epstopdf-base Info: Redefining graphics rule for `.eps' on input line 4
38.
Package grfext Info: Graphics extension search list:
(grfext)             [.pdf,.png,.jpg,.mps,.jpeg,.jbig2,.jb2,.PDF,.PNG,.JPG,.JPE
G,.JBIG2,.JB2,.eps]
(grfext)             \AppendGraphicsExtensions on input line 456.
(/usr/share/texlive/texmf-dist/tex/latex/latexconfig/epstopdf-sys.cfg
File: epstopdf-sys.cfg 2010/07/13 v1.3 Configuration of (r)epstopdf for TeX Liv
e
)) ABD: EveryShipout initializing macros
\AtBeginShipoutBox=\box95
Package hyperref Info: Link coloring ON on input line 216.
(/usr/share/texlive/texmf-dist/tex/latex/hyperref/nameref.sty
Package: nameref 2016/05/21 v2.44 Cross-referencing by name of section
(/usr/share/texlive/texmf-dist/tex/generic/oberdiek/gettitlestring.sty
Package: gettitlestring 2016/05/16 v1.5 Cleanup title references (HO)
)
\c@section@level=\count348
)
LaTeX Info: Redefining \ref on input line 216.
LaTeX Info: Redefining \pageref on input line 216.
LaTeX Info: Redefining \nameref on input line 216.
(./slides.out) (./slides.out)
\@outlinefile=\write6
\openout6 = `slides.out'.

LaTeX Font Info:    Overwriting symbol font `operators' in version `normal'
(Font)                  OT1/lmr/m/n --> OT1/cmss/m/n on input line 216.
LaTeX Font Info:    Overwriting symbol font `operators' in version `bold'
(Font)                  OT1/lmr/bx/n --> OT1/cmss/bx/n on input line 216.
LaTeX Font Info:    Overwriting symbol font `operators' in version `normal'
(Font)                  OT1/cmss/m/n --> OT1/lmss/m/n on input line 216.
LaTeX Font Info:    Overwriting symbol font `operators' in version `bold'
(Font)                  OT1/cmss/bx/n --> OT1/lmss/bx/n on input line 216.
\symnumbers=\mathgroup11
LaTeX Font Info:    Redeclaring symbol font `pureletters' on input line 216.
LaTeX Font Info:    Encoding `OT1' has changed to `T1' for symbol font
(Font)              `pureletters' in the math version `normal' on input line 21
6.
LaTeX Font Info:    Overwriting symbol font `pureletters' in version `normal'
(Font)                  OT1/mathkerncmss/m/sl --> T1/lmss/m/it on input line 21
6.
LaTeX Font Info:    Encoding `OT1' has changed to `T1' for symbol font
(Font)              `pureletters' in the math version `bold' on input line 216.

LaTeX Font Info:    Overwriting symbol font `pureletters' in version `bold'
(Font)                  OT1/mathkerncmss/bx/sl --> T1/lmss/m/it on input line 2
16.
LaTeX Font Info:    Overwriting math alphabet `\mathrm' in version `normal'
(Font)                  OT1/lmss/m/n --> T1/lmr/m/n on input line 216.
LaTeX Font Info:    Redeclaring math alphabet \mathbf on input line 216.
LaTeX Font Info:    Redeclaring math alphabet \mathsf on input line 216.
LaTeX Font Info:    Overwriting math alphabet `\mathsf' in version `normal'
(Font)                  OT1/lmss/m/n --> T1/lmss/m/n on input line 216.
LaTeX Font Info:    Overwriting math alphabet `\mathsf' in version `bold'
(Font)                  OT1/lmss/bx/n --> T1/lmss/m/n on input line 216.
LaTeX Font Info:    Redeclaring math alphabet \mathit on input line 216.
LaTeX Font Info:    Overwriting math alphabet `\mathit' in version `normal'
(Font)                  OT1/lmr/m/it --> T1/lmss/m/it on input line 216.
LaTeX Font Info:    Overwriting math alphabet `\mathit' in version `bold'
(Font)                  OT1/lmr/bx/it --> T1/lmss/m/it on input line 216.
LaTeX Font Info:    Redeclaring math alphabet \mathtt on input line 216.
LaTeX Font Info:    Overwriting math alphabet `\mathtt' in version `normal'
(Font)                  OT1/lmtt/m/n --> T1/lmtt/m/n on input line 216.
LaTeX Font Info:    Overwriting math alphabet `\mathtt' in version `bold'
(Font)                  OT1/lmtt/m/n --> T1/lmtt/m/n on input line 216.
LaTeX Font Info:    Overwriting symbol font `numbers' in version `bold'
(Font)                  T1/lmss/m/n --> T1/lmss/bx/n on input line 216.
LaTeX Font Info:    Overwriting symbol font `pureletters' in version `bold'
(Font)                  T1/lmss/m/it --> T1/lmss/bx/it on input line 216.
LaTeX Font Info:    Overwriting math alphabet `\mathrm' in version `bold'
(Font)                  OT1/lmss/bx/n --> T1/lmr/bx/n on input line 216.
LaTeX Font Info:    Overwriting math alphabet `\mathbf' in version `bold'
(Font)                  T1/lmss/bx/n --> T1/lmss/bx/n on input line 216.
LaTeX Font Info:    Overwriting math alphabet `\mathsf' in version `bold'
(Font)                  T1/lmss/m/n --> T1/lmss/bx/n on input line 216.
LaTeX Font Info:    Overwriting math alphabet `\mathit' in version `bold'
(Font)                  T1/lmss/m/it --> T1/lmss/bx/it on input line 216.
LaTeX Font Info:    Overwriting math alphabet `\mathtt' in version `bold'
(Font)                  T1/lmtt/m/n --> T1/lmtt/bx/n on input line 216.
LaTeX Font Info:    Redeclaring symbol font `boldpureletters' on input line 216
.
LaTeX Font Info:    Encoding `OT1' has changed to `T1' for symbol font
(Font)              `boldpureletters' in the math version `normal' on input lin
e 216.
LaTeX Font Info:    Overwriting symbol font `boldpureletters' in version `norma
l'
(Font)                  OT1/mathkerncmss/bx/sl --> T1/lmss/bx/it on input line 
216.
LaTeX Font Info:    Encoding `OT1' has changed to `T1' for symbol font
(Font)              `boldpureletters' in the math version `bold' on input line 
216.
LaTeX Font Info:    Overwriting symbol font `boldpureletters' in version `bold'

(Font)                  OT1/mathkerncmss/bx/sl --> T1/lmss/bx/it on input line 
216.

(/usr/share/texlive/texmf-dist/tex/latex/translator/translator-basic-dictionary
-English.dict
Dictionary: translator-basic-dictionary, Language: English 
)
(/usr/share/texlive/texmf-dist/tex/latex/translator/translator-bibliography-dic
tionary-English.dict
Dictionary: translator-bibliography-dictionary, Language: English 
)
(/usr/share/texlive/texmf-dist/tex/latex/translator/translator-environment-dict
ionary-English.dict
Dictionary: translator-environment-dictionary, Language: English 
)
(/usr/share/texlive/texmf-dist/tex/latex/translator/translator-months-dictionar
y-English.dict
Dictionary: translator-months-dictionary, Language: English 
)
(/usr/share/texlive/texmf-dist/tex/latex/translator/translator-numbers-dictiona
ry-English.dict
Dictionary: translator-numbers-dictionary, Language: English 
)
(/usr/share/texlive/texmf-dist/tex/latex/translator/translator-theorem-dictiona
ry-English.dict
Dictionary: translator-theorem-dictionary, Language: English 
)
LaTeX Info: Redefining \microtypecontext on input line 216.
Package microtype Info: Generating PDF output.
Package microtype Info: Character protrusion enabled (level 2).
Package microtype Info: Using protrusion set `basicmath'.
Package microtype Info: Automatic font expansion enabled (level 2),
(microtype)             stretch: 20, shrink: 20, step: 1, non-selected.
Package microtype Info: Using default expansion set `basictext'.
Package microtype Info: No adjustment of tracking.
Package microtype Info: No adjustment of interword spacing.
Package microtype Info: No adjustment of character kerning.
Package microtype Info: Loading generic protrusion settings for font family
(microtype)             `lmss' (encoding: T1).
(microtype)             For optimal results, create family-specific settings.
(microtype)             See the microtype manual for details.
(./slides.nav)
LaTeX Font Info:    Try loading font information for OT1+lmss on input line 237
.
(/usr/share/texmf/tex/latex/lm/ot1lmss.fd
File: ot1lmss.fd 2009/10/30 v1.6 Font defs for Latin Modern
)
Package microtype Info: Loading generic protrusion settings for font family
(microtype)             `lmss' (encoding: OT1).
(microtype)             For optimal results, create family-specific settings.
(microtype)             See the microtype manual for details.
LaTeX Font Info:    Try loading font information for OML+lmm on input line 237.

(/usr/share/texmf/tex/latex/lm/omllmm.fd
File: omllmm.fd 2009/10/30 v1.6 Font defs for Latin Modern
)
LaTeX Font Info:    Try loading font information for OMS+lmsy on input line 237
.
(/usr/share/texmf/tex/latex/lm/omslmsy.fd
File: omslmsy.fd 2009/10/30 v1.6 Font defs for Latin Modern
)
LaTeX Font Info:    Try loading font information for OMX+lmex on input line 237
.
(/usr/share/texmf/tex/latex/lm/omxlmex.fd
File: omxlmex.fd 2009/10/30 v1.6 Font defs for Latin Modern
)
LaTeX Font Info:    External font `lmex10' loaded for size
(Font)              <14.4> on input line 237.
LaTeX Font Info:    External font `lmex10' loaded for size
(Font)              <10> on input line 237.
LaTeX Font Info:    External font `lmex10' loaded for size
(Font)              <7> on input line 237.
LaTeX Font Info:    Try loading font information for U+msa on input line 237.
(/usr/share/texlive/texmf-dist/tex/latex/amsfonts/umsa.fd
File: umsa.fd 2013/01/14 v3.01 AMS symbols A
) (/usr/share/texlive/texmf-dist/tex/latex/microtype/mt-msa.cfg
File: mt-msa.cfg 2006/02/04 v1.1 microtype config. file: AMS symbols (a) (RS)
)
LaTeX Font Info:    Try loading font information for U+msb on input line 237.
(/usr/share/texlive/texmf-dist/tex/latex/amsfonts/umsb.fd
File: umsb.fd 2013/01/14 v3.01 AMS symbols B
) (/usr/share/texlive/texmf-dist/tex/latex/microtype/mt-msb.cfg
File: mt-msb.cfg 2005/06/01 v1.0 microtype config. file: AMS symbols (b) (RS)
)
LaTeX Font Info:    Font shape `T1/lmss/m/it' in size <14.4> not available
(Font)              Font shape `T1/lmss/m/sl' tried instead on input line 237.
LaTeX Font Info:    Font shape `T1/lmss/m/it' in size <10> not available
(Font)              Font shape `T1/lmss/m/sl' tried instead on input line 237.
LaTeX Font Info:    Font shape `T1/lmss/m/it' in size <7> not available
(Font)              Font shape `T1/lmss/m/sl' tried instead on input line 237.
LaTeX Font Info:    Try loading font information for OT1+lmr on input line 237.

(/usr/share/texmf/tex/latex/lm/ot1lmr.fd
File: ot1lmr.fd 2009/10/30 v1.6 Font defs for Latin Modern
) (/usr/share/texlive/texmf-dist/tex/latex/microtype/mt-cmr.cfg
File: mt-cmr.cfg 2013/05/19 v2.2 microtype config. file: Computer Modern Roman 
(RS)
)
LaTeX Font Info:    Font shape `T1/lmss/bx/it' in size <14.4> not available
(Font)              Font shape `T1/lmss/bx/sl' tried instead on input line 237.

LaTeX Font Info:    Font shape `T1/lmss/bx/it' in size <10> not available
(Font)              Font shape `T1/lmss/bx/sl' tried instead on input line 237.

LaTeX Font Info:    Font shape `T1/lmss/bx/it' in size <7> not available
(Font)              Font shape `T1/lmss/bx/sl' tried instead on input line 237.


LaTeX Warning: Command \~ invalid in math mode on input line 237.


LaTeX Warning: Command \' invalid in math mode on input line 237.

LaTeX Font Info:    Try loading font information for T1+lmtt on input line 237.

(/usr/share/texmf/tex/latex/lm/t1lmtt.fd
File: t1lmtt.fd 2009/10/30 v1.6 Font defs for Latin Modern
)
LaTeX Font Info:    External font `lmex10' loaded for size
(Font)              <10.95> on input line 237.
LaTeX Font Info:    External font `lmex10' loaded for size
(Font)              <8> on input line 237.
LaTeX Font Info:    External font `lmex10' loaded for size
(Font)              <6> on input line 237.
LaTeX Font Info:    Font shape `T1/lmss/m/it' in size <10.95> not available
(Font)              Font shape `T1/lmss/m/sl' tried instead on input line 237.
LaTeX Font Info:    Font shape `T1/lmss/m/it' in size <8> not available
(Font)              Font shape `T1/lmss/m/sl' tried instead on input line 237.
LaTeX Font Info:    Font shape `T1/lmss/m/it' in size <6> not available
(Font)              Font shape `T1/lmss/m/sl' tried instead on input line 237.
LaTeX Font Info:    Font shape `T1/lmss/bx/it' in size <10.95> not available
(Font)              Font shape `T1/lmss/bx/sl' tried instead on input line 237.

LaTeX Font Info:    Font shape `T1/lmss/bx/it' in size <8> not available
(Font)              Font shape `T1/lmss/bx/sl' tried instead on input line 237.

LaTeX Font Info:    Font shape `T1/lmss/bx/it' in size <6> not available
(Font)              Font shape `T1/lmss/bx/sl' tried instead on input line 237.

<logo/leg.pdf, id=28, 205.2468pt x 203.0787pt>
File: logo/leg.pdf Graphic file (type pdf)
<use logo/leg.pdf>
Package pdftex.def Info: logo/leg.pdf  used on input line 237.
(pdftex.def)             Requested size: 59.92717pt x 59.29414pt.
<logo/ufpr.pdf, id=29, 1003.75pt x 657.45625pt>
File: logo/ufpr.pdf Graphic file (type pdf)
<use logo/ufpr.pdf>
Package pdftex.def Info: logo/ufpr.pdf  used on input line 237.
(pdftex.def)             Requested size: 85.60097pt x 56.06863pt.
<logo/cidamo.png, id=30, 1058.95625pt x 722.7pt>
File: logo/cidamo.png Graphic file (type png)
<use logo/cidamo.png>
Package pdftex.def Info: logo/cidamo.png  used on input line 237.
(pdftex.def)             Requested size: 85.60693pt x 58.42369pt.
[1

{/var/lib/texmf/fonts/map/pdftex/updmap/pdftex.map} <./logo/leg.pdf> <./logo/uf
pr.pdf

pdfTeX warning: pdflatex (file ./logo/ufpr.pdf): PDF inclusion: multiple pdfs w
ith page group included in a single page
> <./logo/cidamo.png>]

LaTeX Warning: Command \' invalid in math mode on input line 274.


LaTeX Warning: Command \' invalid in math mode on input line 274.


LaTeX Warning: Command \' invalid in math mode on input line 274.


LaTeX Warning: Command \' invalid in math mode on input line 274.


LaTeX Warning: Command \' invalid in math mode on input line 274.

File: logo/cidamo.png Graphic file (type png)
<use logo/cidamo.png>
Package pdftex.def Info: logo/cidamo.png  used on input line 274.
(pdftex.def)             Requested size: 51.35123pt x 35.04538pt.
LaTeX Font Info:    Font shape `T1/lmtt/bx/n' in size <6> not available
(Font)              Font shape `T1/lmtt/b/n' tried instead on input line 274.
[2

]

LaTeX Warning: Command \' invalid in math mode on input line 308.

File: logo/cidamo.png Graphic file (type png)
<use logo/cidamo.png>
Package pdftex.def Info: logo/cidamo.png  used on input line 308.
(pdftex.def)             Requested size: 51.35123pt x 35.04538pt.
[3

]
LaTeX Font Info:    Font shape `T1/lmss/m/it' in size <12> not available
(Font)              Font shape `T1/lmss/m/sl' tried instead on input line 337.

LaTeX Warning: Command \^ invalid in math mode on input line 337.


LaTeX Warning: Command \c invalid in math mode on input line 337.


LaTeX Warning: Command \~ invalid in math mode on input line 337.


LaTeX Warning: Command \' invalid in math mode on input line 337.


LaTeX Warning: Command \' invalid in math mode on input line 337.


LaTeX Warning: Command \' invalid in math mode on input line 337.


Overfull \hbox (1.58595pt too wide) in paragraph at lines 337--337
[]\T1/lmss/m/n/10.95 (-20) i.e., [][]  
 []

File: logo/cidamo.png Graphic file (type png)
<use logo/cidamo.png>
Package pdftex.def Info: logo/cidamo.png  used on input line 337.
(pdftex.def)             Requested size: 51.35123pt x 35.04538pt.
[4

]
<naive_bayes-example.png, id=129, 417.56pt x 434.62375pt>
File: naive_bayes-example.png Graphic file (type png)
<use naive_bayes-example.png>
Package pdftex.def Info: naive_bayes-example.png  used on input line 373.
(pdftex.def)             Requested size: 171.2198pt x 178.21678pt.
LaTeX Font Info:    External font `lmex10' loaded for size
(Font)              <5> on input line 373.
LaTeX Font Info:    Font shape `T1/lmss/m/it' in size <5> not available
(Font)              Font shape `T1/lmss/m/sl' tried instead on input line 373.
LaTeX Font Info:    Font shape `T1/lmss/bx/it' in size <5> not available
(Font)              Font shape `T1/lmss/bx/sl' tried instead on input line 373.

File: logo/cidamo.png Graphic file (type png)
<use logo/cidamo.png>
Package pdftex.def Info: logo/cidamo.png  used on input line 373.
(pdftex.def)             Requested size: 51.35123pt x 35.04538pt.
[5

 <./naive_bayes-example.png>]
File: naive_bayes-example.png Graphic file (type png)
<use naive_bayes-example.png>
Package pdftex.def Info: naive_bayes-example.png  used on input line 412.
(pdftex.def)             Requested size: 136.9733pt x 142.57077pt.
LaTeX Font Info:    External font `lmex10' loaded for size
(Font)              <12> on input line 412.
LaTeX Font Info:    Font shape `T1/lmss/bx/it' in size <12> not available
(Font)              Font shape `T1/lmss/bx/sl' tried instead on input line 412.


LaTeX Warning: Command \c invalid in math mode on input line 412.


LaTeX Warning: Command \~ invalid in math mode on input line 412.


LaTeX Warning: Command \c invalid in math mode on input line 412.


LaTeX Warning: Command \~ invalid in math mode on input line 412.


LaTeX Warning: Command \' invalid in math mode on input line 412.


LaTeX Warning: Command \~ invalid in math mode on input line 412.


LaTeX Warning: Command \' invalid in math mode on input line 412.

File: logo/cidamo.png Graphic file (type png)
<use logo/cidamo.png>
Package pdftex.def Info: logo/cidamo.png  used on input line 412.
(pdftex.def)             Requested size: 51.35123pt x 35.04538pt.
[6

]

LaTeX Warning: Command \' invalid in math mode on input line 452.

File: logo/cidamo.png Graphic file (type png)
<use logo/cidamo.png>
Package pdftex.def Info: logo/cidamo.png  used on input line 452.
(pdftex.def)             Requested size: 51.35123pt x 35.04538pt.
[7

]

LaTeX Warning: Command \' invalid in math mode on input line 481.


LaTeX Warning: Command \~ invalid in math mode on input line 481.


LaTeX Warning: Command \~ invalid in math mode on input line 481.


LaTeX Warning: Command \' invalid in math mode on input line 481.


LaTeX Warning: Command \' invalid in math mode on input line 481.


LaTeX Warning: Command \^ invalid in math mode on input line 481.


LaTeX Warning: Command \' invalid in math mode on input line 481.


LaTeX Warning: Command \c invalid in math mode on input line 481.


LaTeX Warning: Command \~ invalid in math mode on input line 481.

File: logo/cidamo.png Graphic file (type png)
<use logo/cidamo.png>
Package pdftex.def Info: logo/cidamo.png  used on input line 481.
(pdftex.def)             Requested size: 51.35123pt x 35.04538pt.
[8

]

LaTeX Warning: Command \' invalid in math mode on input line 516.


LaTeX Warning: Command \' invalid in math mode on input line 516.


LaTeX Warning: Command \' invalid in math mode on input line 516.


LaTeX Warning: Command \c invalid in math mode on input line 516.


LaTeX Warning: Command \~ invalid in math mode on input line 516.


LaTeX Warning: Command \^ invalid in math mode on input line 516.


LaTeX Warning: Command \' invalid in math mode on input line 516.


LaTeX Warning: Command \^ invalid in math mode on input line 516.


LaTeX Warning: Command \' invalid in math mode on input line 516.


LaTeX Warning: Command \' invalid in math mode on input line 516.


LaTeX Warning: Command \' invalid in math mode on input line 516.

File: logo/cidamo.png Graphic file (type png)
<use logo/cidamo.png>
Package pdftex.def Info: logo/cidamo.png  used on input line 516.
(pdftex.def)             Requested size: 51.35123pt x 35.04538pt.
[9

]

LaTeX Warning: Command \' invalid in math mode on input line 550.


LaTeX Warning: Command \' invalid in math mode on input line 550.


LaTeX Warning: Command \' invalid in math mode on input line 550.


LaTeX Warning: Command \~ invalid in math mode on input line 550.


LaTeX Warning: Command \c invalid in math mode on input line 550.


LaTeX Warning: Command \~ invalid in math mode on input line 550.


LaTeX Warning: Command \~ invalid in math mode on input line 550.


LaTeX Warning: Command \' invalid in math mode on input line 550.

File: logo/cidamo.png Graphic file (type png)
<use logo/cidamo.png>
Package pdftex.def Info: logo/cidamo.png  used on input line 550.
(pdftex.def)             Requested size: 51.35123pt x 35.04538pt.
[10

]
<roll_safe.png, id=235, 764.8575pt x 648.4225pt>
File: roll_safe.png Graphic file (type png)
<use roll_safe.png>
Package pdftex.def Info: roll_safe.png  used on input line 587.
(pdftex.def)             Requested size: 68.48407pt x 58.05867pt.

LaTeX Warning: Command \c invalid in math mode on input line 587.


LaTeX Warning: Command \~ invalid in math mode on input line 587.


LaTeX Warning: Command \' invalid in math mode on input line 587.


LaTeX Warning: Command \~ invalid in math mode on input line 587.


LaTeX Warning: Command \' invalid in math mode on input line 587.


LaTeX Warning: Command \c invalid in math mode on input line 587.


LaTeX Warning: Command \~ invalid in math mode on input line 587.


LaTeX Warning: Command \~ invalid in math mode on input line 587.


LaTeX Warning: Command \' invalid in math mode on input line 587.


LaTeX Warning: Command \' invalid in math mode on input line 587.


LaTeX Warning: Command \' invalid in math mode on input line 587.


LaTeX Warning: Command \c invalid in math mode on input line 587.


LaTeX Warning: Command \~ invalid in math mode on input line 587.


LaTeX Warning: Command \' invalid in math mode on input line 587.


LaTeX Warning: Command \' invalid in math mode on input line 587.


LaTeX Warning: Command \~ invalid in math mode on input line 587.


LaTeX Warning: Command \' invalid in math mode on input line 587.

File: logo/cidamo.png Graphic file (type png)
<use logo/cidamo.png>
Package pdftex.def Info: logo/cidamo.png  used on input line 587.
(pdftex.def)             Requested size: 51.35123pt x 35.04538pt.
[11

 <./roll_safe.png>]

LaTeX Warning: Command \~ invalid in math mode on input line 604.


LaTeX Warning: Command \~ invalid in math mode on input line 604.


LaTeX Warning: Command \' invalid in math mode on input line 604.

<slides_files/figure-beamer/unnamed-chunk-2-1.pdf, id=244, 705.63625pt x 232.87
pt>
File: slides_files/figure-beamer/unnamed-chunk-2-1.pdf Graphic file (type pdf)
<use slides_files/figure-beamer/unnamed-chunk-2-1.pdf>
Package pdftex.def Info: slides_files/figure-beamer/unnamed-chunk-2-1.pdf  used
 on input line 604.
(pdftex.def)             Requested size: 342.43774pt x 113.00931pt.
File: logo/cidamo.png Graphic file (type png)
<use logo/cidamo.png>
Package pdftex.def Info: logo/cidamo.png  used on input line 604.
(pdftex.def)             Requested size: 51.35123pt x 35.04538pt.
[12

 <./slides_files/figure-beamer/unnamed-chunk-2-1.pdf>]
<rambo.jpg, id=259, 583.17876pt x 430.60875pt>
File: rambo.jpg Graphic file (type jpg)
<use rambo.jpg>
Package pdftex.def Info: rambo.jpg  used on input line 644.
(pdftex.def)             Requested size: 97.59071pt x 72.05923pt.

LaTeX Warning: Command \~ invalid in math mode on input line 644.


LaTeX Warning: Command \' invalid in math mode on input line 644.


LaTeX Warning: Command \c invalid in math mode on input line 644.


LaTeX Warning: Command \~ invalid in math mode on input line 644.


LaTeX Warning: Command \~ invalid in math mode on input line 644.


LaTeX Warning: Command \c invalid in math mode on input line 644.


LaTeX Warning: Command \~ invalid in math mode on input line 644.


LaTeX Warning: Command \' invalid in math mode on input line 644.


LaTeX Warning: Command \c invalid in math mode on input line 644.


LaTeX Warning: Command \~ invalid in math mode on input line 644.


LaTeX Warning: Command \~ invalid in math mode on input line 644.


LaTeX Warning: Command \' invalid in math mode on input line 644.


LaTeX Warning: Command \^ invalid in math mode on input line 644.


LaTeX Warning: Command \c invalid in math mode on input line 644.


LaTeX Warning: Command \~ invalid in math mode on input line 644.


LaTeX Warning: Command \' invalid in math mode on input line 644.


LaTeX Warning: Command \~ invalid in math mode on input line 644.


LaTeX Warning: Command \~ invalid in math mode on input line 644.


LaTeX Warning: Command \' invalid in math mode on input line 644.

File: logo/cidamo.png Graphic file (type png)
<use logo/cidamo.png>
Package pdftex.def Info: logo/cidamo.png  used on input line 644.
(pdftex.def)             Requested size: 51.35123pt x 35.04538pt.
[13

 <./rambo.jpg>]
<logistic-relations.jpg, id=280, 3801.20125pt x 2560.56625pt>
File: logistic-relations.jpg Graphic file (type jpg)
<use logistic-relations.jpg>
Package pdftex.def Info: logistic-relations.jpg  used on input line 654.
(pdftex.def)             Requested size: 273.94148pt x 184.53255pt.

LaTeX Warning: Command \c invalid in math mode on input line 654.


LaTeX Warning: Command \~ invalid in math mode on input line 654.


Overfull \vbox (3.29869pt too high) detected at line 654
 []

File: logo/cidamo.png Graphic file (type png)
<use logo/cidamo.png>
Package pdftex.def Info: logo/cidamo.png  used on input line 654.
(pdftex.def)             Requested size: 51.35123pt x 35.04538pt.
[14

 <./logistic-relations.jpg>]

LaTeX Warning: Command \~ invalid in math mode on input line 674.


LaTeX Warning: Command \' invalid in math mode on input line 674.


LaTeX Warning: Command \' invalid in math mode on input line 674.


LaTeX Warning: Command \c invalid in math mode on input line 674.


LaTeX Warning: Command \~ invalid in math mode on input line 674.


LaTeX Warning: Command \~ invalid in math mode on input line 674.

File: logo/cidamo.png Graphic file (type png)
<use logo/cidamo.png>
Package pdftex.def Info: logo/cidamo.png  used on input line 674.
(pdftex.def)             Requested size: 51.35123pt x 35.04538pt.
[15

]

LaTeX Warning: Command \^ invalid in math mode on input line 712.


LaTeX Warning: Command \c invalid in math mode on input line 712.


LaTeX Warning: Command \~ invalid in math mode on input line 712.


LaTeX Warning: Command \c invalid in math mode on input line 712.


LaTeX Warning: Command \' invalid in math mode on input line 712.


LaTeX Warning: Command \c invalid in math mode on input line 712.


LaTeX Warning: Command \~ invalid in math mode on input line 712.


LaTeX Warning: Command \c invalid in math mode on input line 712.


LaTeX Warning: Command \^ invalid in math mode on input line 712.


LaTeX Warning: Command \~ invalid in math mode on input line 712.


LaTeX Warning: Command \c invalid in math mode on input line 712.


LaTeX Warning: Command \~ invalid in math mode on input line 712.


LaTeX Warning: Command \' invalid in math mode on input line 712.


LaTeX Warning: Command \c invalid in math mode on input line 712.


LaTeX Warning: Command \~ invalid in math mode on input line 712.


LaTeX Warning: Command \c invalid in math mode on input line 712.


LaTeX Warning: Command \~ invalid in math mode on input line 712.


LaTeX Warning: Command \c invalid in math mode on input line 712.


LaTeX Warning: Command \~ invalid in math mode on input line 712.


LaTeX Warning: Command \' invalid in math mode on input line 712.


LaTeX Warning: Command \~ invalid in math mode on input line 712.


LaTeX Warning: Command \' invalid in math mode on input line 712.


LaTeX Warning: Command \' invalid in math mode on input line 712.


LaTeX Warning: Command \' invalid in math mode on input line 712.


LaTeX Warning: Command \' invalid in math mode on input line 712.


LaTeX Warning: Command \' invalid in math mode on input line 712.


LaTeX Warning: Command \c invalid in math mode on input line 712.


Overfull \vbox (2.79907pt too high) detected at line 712
 []

File: logo/cidamo.png Graphic file (type png)
<use logo/cidamo.png>
Package pdftex.def Info: logo/cidamo.png  used on input line 712.
(pdftex.def)             Requested size: 51.35123pt x 35.04538pt.
[16

]
\openout4 = `slides.vrb'.

(./slides.vrb
LaTeX Font Info:    Font shape `T1/lmtt/bx/n' in size <9> not available
(Font)              Font shape `T1/lmtt/b/n' tried instead on input line 11.

LaTeX Warning: Command \~ invalid in math mode on input line 24.


LaTeX Warning: Command \' invalid in math mode on input line 24.

)
File: logo/cidamo.png Graphic file (type png)
<use logo/cidamo.png>
Package pdftex.def Info: logo/cidamo.png  used on input line 754.
(pdftex.def)             Requested size: 51.35123pt x 35.04538pt.
[17

]
<thank_you.jpg, id=324, 1445.4pt x 813.0375pt>
File: thank_you.jpg Graphic file (type jpg)
<use thank_you.jpg>
Package pdftex.def Info: thank_you.jpg  used on input line 763.
(pdftex.def)             Requested size: 325.31125pt x 182.98756pt.
File: logo/cidamo.png Graphic file (type png)
<use logo/cidamo.png>
Package pdftex.def Info: logo/cidamo.png  used on input line 763.
(pdftex.def)             Requested size: 51.35123pt x 35.04538pt.
[18

 <./thank_you.jpg>]
\tf@nav=\write7
\openout7 = `slides.nav'.

\tf@toc=\write8
\openout8 = `slides.toc'.

\tf@snm=\write9
\openout9 = `slides.snm'.

Package atveryend Info: Empty hook `BeforeClearDocument' on input line 765.
Package atveryend Info: Empty hook `AfterLastShipout' on input line 765.
(./slides.aux)
Package atveryend Info: Executing hook `AtVeryEndDocument' on input line 765.
Package atveryend Info: Executing hook `AtEndAfterFileList' on input line 765.
Package rerunfilecheck Info: File `slides.out' has not changed.
(rerunfilecheck)             Checksum: D41D8CD98F00B204E9800998ECF8427E;0.
 ) 
Here is how much of TeX's memory you used:
 30338 strings out of 492641
 573771 string characters out of 6131787
 671878 words of memory out of 5000000
 33528 multiletter control sequences out of 15000+600000
 676406 words of font info for 157 fonts, out of 8000000 for 9000
 1141 hyphenation exceptions out of 8191
 57i,15n,74p,773b,884s stack positions out of 5000i,500n,10000p,200000b,80000s
{/usr/share/texmf/fonts/enc/dvips/lm/lm-ec.enc}{/usr/share/texmf/fonts/enc/dv
ips/lm/lm-mathsy.enc}{/usr/share/texmf/fonts/enc/dvips/lm/lm-mathit.enc}{/usr/s
hare/texmf/fonts/enc/dvips/lm/lm-rm.enc}{/usr/share/texmf/fonts/enc/dvips/lm/lm
-mathex.enc}</usr/share/texmf/fonts/type1/public/lm/lmex10.pfb></usr/share/texm
f/fonts/type1/public/lm/lmmi10.pfb></usr/share/texmf/fonts/type1/public/lm/lmmi
8.pfb></usr/share/texmf/fonts/type1/public/lm/lmss10.pfb></usr/share/texmf/font
s/type1/public/lm/lmss12.pfb></usr/share/texmf/fonts/type1/public/lm/lmss8.pfb>
</usr/share/texmf/fonts/type1/public/lm/lmssbx10.pfb></usr/share/texmf/fonts/ty
pe1/public/lm/lmsso10.pfb></usr/share/texmf/fonts/type1/public/lm/lmsso12.pfb><
/usr/share/texmf/fonts/type1/public/lm/lmsso8.pfb></usr/share/texmf/fonts/type1
/public/lm/lmsy10.pfb></usr/share/texmf/fonts/type1/public/lm/lmsy6.pfb></usr/s
hare/texmf/fonts/type1/public/lm/lmsy8.pfb></usr/share/texmf/fonts/type1/public
/lm/lmtk10.pfb></usr/share/texmf/fonts/type1/public/lm/lmtt10.pfb></usr/share/t
exmf/fonts/type1/public/lm/lmtt12.pfb></usr/share/texmf/fonts/type1/public/lm/l
mtt9.pfb></usr/share/texlive/texmf-dist/fonts/type1/public/amsfonts/symbols/msb
m10.pfb>
Output written on slides.pdf (18 pages, 3020514 bytes).
PDF statistics:
 411 PDF objects out of 1000 (max. 8388607)
 278 compressed objects within 3 object streams
 54 named destinations out of 1000 (max. 500000)
 20970 words of extra memory for PDF output out of 24883 (max. 10000000)

